[05/Oct/2017 22:07:37] INFO logging:state: init, usuario:AnonymousUser
[05/Oct/2017 22:07:38] INFO logging:state: user, usuario:AnonymousUser
[05/Oct/2017 22:07:38] INFO logging:response_data: {"message": "no hay una cuenta con este email, por favor registrelo", "is_error": false, "exist": false}, usuario:AnonymousUser
[05/Oct/2017 22:07:38] INFO logging:state: init, usuario:AnonymousUser
[05/Oct/2017 22:07:38] INFO logging:state: create user, usuario:AnonymousUser
[05/Oct/2017 22:07:39] INFO logging:response_data: {"message": "el usuario ha sido creado por favor inicie sesion", "is_error": false}, usuario:AnonymousUser
[05/Oct/2017 22:07:39] INFO logging:state: init,profileView,post{u'phone_number': 0, u'first_name': u'jhon', u'last_name': u'gomez', u'method': u'create', u'mobil_number': 0, u'id_type': 1, u'id': 0, u'password': u'Colombia2013@', u'email': u'jhonedinson11@gmail.com'}, usuario:AnonymousUser
[05/Oct/2017 22:07:39] INFO logging:state: init create, usuario:AnonymousUser
[05/Oct/2017 22:07:40] ERROR logging:state: init create, usuario:AnonymousUser, error:list index out of range
[05/Oct/2017 22:07:40] INFO logging:response_data: {"type_error": "IndexError", "state": "init create", "is_error": true, "message": "error en el sistema por favor comuniquese con soporte"}, usuario:AnonymousUser
[05/Oct/2017 22:09:54] INFO logging:state: init, usuario:AnonymousUser
[05/Oct/2017 22:09:54] INFO logging:state: user, usuario:AnonymousUser
[05/Oct/2017 22:09:54] INFO logging:response_data: {"message": "no hay una cuenta con este email, por favor registrelo", "is_error": false, "exist": false}, usuario:AnonymousUser
[05/Oct/2017 22:09:54] INFO logging:state: init, usuario:AnonymousUser
[05/Oct/2017 22:09:54] INFO logging:state: create user, usuario:AnonymousUser
[05/Oct/2017 22:09:56] INFO logging:response_data: {"message": "el usuario ha sido creado por favor inicie sesion", "is_error": false}, usuario:AnonymousUser
[05/Oct/2017 22:10:08] INFO logging:state: init,profileView,post{u'phone_number': 0, u'first_name': u'jhon', u'last_name': u'gomex', u'method': u'create', u'mobil_number': 0, u'id_type': 1, u'id': 0, u'password': u'Colombia2013@', u'email': u'jhonedinson11@gmail.com'}, usuario:AnonymousUser
[05/Oct/2017 22:10:12] INFO logging:state: init create, usuario:AnonymousUser
[05/Oct/2017 22:10:44] ERROR logging:state: init create, usuario:AnonymousUser, error:list index out of range
[05/Oct/2017 22:10:44] INFO logging:response_data: {"type_error": "IndexError", "state": "init create", "is_error": true, "message": "error en el sistema por favor comuniquese con soporte"}, usuario:AnonymousUser
[07/Oct/2017 15:33:30] WARNING django.request:Not Found: /favicon.ico
[07/Oct/2017 15:33:42] INFO logging:<WSGIRequest: GET '/usuario/iniciar-sesion/?username=jhon_edinson11%40gmail.com&password=Colombia2013%40'>, usuario:AnonymousUser
[07/Oct/2017 15:33:43] INFO logging:usuario no autenticado, usuario:AnonymousUser
[07/Oct/2017 15:33:43] INFO logging:response_data: {"message": "Error en el nombre de usuario o contrase\u00f1a", "is_error": false, "authenticated": false}, usuario:AnonymousUser
[07/Oct/2017 15:35:43] INFO logging:<WSGIRequest: GET '/usuario/iniciar-sesion/?username=jhon_edinson11%40gmail.com&password=Colombia2013%40'>, usuario:AnonymousUser
[07/Oct/2017 15:35:43] INFO logging:usuario no autenticado, usuario:AnonymousUser
[07/Oct/2017 15:35:43] INFO logging:response_data: {"message": "Error en el nombre de usuario o contrase\u00f1a", "is_error": false, "authenticated": false}, usuario:AnonymousUser
[07/Oct/2017 15:35:57] INFO logging:<WSGIRequest: GET '/usuario/iniciar-sesion/?username=jhonedinson11%40gmail.com&password=Colombia2013%40'>, usuario:AnonymousUser
[07/Oct/2017 15:35:57] INFO logging:usuario autenticado, usuario:jhonedinson11@gmail.com
[07/Oct/2017 15:35:57] INFO logging:response_data: {"message": "bienvenido a nuestra plataforma", "is_error": false, "authenticated": true}, usuario:jhonedinson11@gmail.com
[07/Oct/2017 15:36:06] WARNING django.request:Not Found: /administrador
[07/Oct/2017 15:36:16] INFO logging:<WSGIRequest: GET '/actividades/lista-de-actividades/'>, usuario:jhonedinson11@gmail.com
[07/Oct/2017 15:36:16] INFO logging:<WSGIRequest: GET '/actividades/lista-de-actividades/?load=true'>, usuario:jhonedinson11@gmail.com
[07/Oct/2017 15:36:16] INFO logging:state: init, usuario:jhonedinson11@gmail.com
[07/Oct/2017 15:36:16] INFO logging:state: get info, usuario:jhonedinson11@gmail.com
[07/Oct/2017 15:36:17] INFO logging:response_data: {"activity_list": [], "message": "", "is_error": false}, usuario:jhonedinson11@gmail.com
[07/Oct/2017 15:36:38] WARNING django.request:Not Found: /admin
[07/Oct/2017 15:42:47] INFO logging:<WSGIRequest: GET '/actividades/lista-de-actividades/'>, usuario:jhonedinson11@gmail.com
[07/Oct/2017 15:42:48] INFO logging:<WSGIRequest: GET '/actividades/lista-de-actividades/?load=true'>, usuario:jhonedinson11@gmail.com
[07/Oct/2017 15:42:48] INFO logging:state: init, usuario:jhonedinson11@gmail.com
[07/Oct/2017 15:42:48] INFO logging:state: get info, usuario:jhonedinson11@gmail.com
[07/Oct/2017 15:42:48] INFO logging:response_data: {"activity_list": [{"begin_date": "2017-10-07", "description": "Este curso es para todas las personas que tienen ganas de ser salvadores de vida", "finish_date": "2017-12-07", "id_html": 1, "topic": "Curso de primeros auxilios", "is_pay": false, "activity_code": "8a76b367-493a-4bac-9ab5-1d4d71bc3a28"}], "message": "", "is_error": false}, usuario:jhonedinson11@gmail.com
[07/Oct/2017 15:44:29] INFO logging:<WSGIRequest: GET '/actividades/lista-de-actividades/'>, usuario:jhonedinson11@gmail.com
[07/Oct/2017 15:44:31] INFO logging:<WSGIRequest: GET '/actividades/lista-de-actividades/?load=true'>, usuario:jhonedinson11@gmail.com
[07/Oct/2017 15:44:31] INFO logging:state: init, usuario:jhonedinson11@gmail.com
[07/Oct/2017 15:44:31] INFO logging:state: get info, usuario:jhonedinson11@gmail.com
[07/Oct/2017 15:44:31] INFO logging:response_data: {"activity_list": [{"begin_date": "2017-10-07", "description": "Este curso es para todas las personas que tienen ganas de ser salvadores de vida", "finish_date": "2017-12-07", "id_html": 1, "topic": "Curso de primeros auxilios", "is_pay": false, "activity_code": "8a76b367-493a-4bac-9ab5-1d4d71bc3a28"}], "message": "", "is_error": false}, usuario:jhonedinson11@gmail.com
[07/Oct/2017 15:44:34] WARNING django.request:Not Found: /favicon.ico
[07/Oct/2017 15:47:33] INFO logging:<WSGIRequest: GET '/actividades/lista-de-actividades/'>, usuario:jhonedinson11@gmail.com
[07/Oct/2017 15:47:37] INFO logging:<WSGIRequest: GET '/actividades/lista-de-actividades/?load=true'>, usuario:jhonedinson11@gmail.com
[07/Oct/2017 15:47:37] INFO logging:state: init, usuario:jhonedinson11@gmail.com
[07/Oct/2017 15:47:37] INFO logging:state: get info, usuario:jhonedinson11@gmail.com
[07/Oct/2017 15:47:37] INFO logging:response_data: {"activity_list": [{"begin_date": "2017-10-07", "description": "Este curso es para todas las personas que tienen ganas de ser salvadores de vida", "finish_date": "2017-12-07", "id_html": 1, "topic": "Curso de primeros auxilios", "is_pay": false, "activity_code": "8a76b367-493a-4bac-9ab5-1d4d71bc3a28"}], "message": "", "is_error": false}, usuario:jhonedinson11@gmail.com
[07/Oct/2017 15:50:11] INFO logging:<WSGIRequest: GET '/actividades/lista-de-actividades/'>, usuario:jhonedinson11@gmail.com
[07/Oct/2017 15:50:13] INFO logging:<WSGIRequest: GET '/actividades/lista-de-actividades/?load=true'>, usuario:jhonedinson11@gmail.com
[07/Oct/2017 15:50:13] INFO logging:state: init, usuario:jhonedinson11@gmail.com
[07/Oct/2017 15:50:13] INFO logging:state: get info, usuario:jhonedinson11@gmail.com
[07/Oct/2017 15:50:13] INFO logging:response_data: {"activity_list": [{"begin_date": "2017-10-07", "description": "Este curso es para todas las personas que tienen ganas de ser salvadores de vida", "finish_date": "2017-12-07", "id_html": 1, "topic": "Curso de primeros auxilios", "is_pay": false, "activity_code": "8a76b367-493a-4bac-9ab5-1d4d71bc3a28"}], "message": "", "is_error": false}, usuario:jhonedinson11@gmail.com
[07/Oct/2017 15:50:15] WARNING django.request:Not Found: /favicon.ico
[07/Oct/2017 15:50:51] INFO logging:state: init, usuario:jhonedinson11@gmail.com
[07/Oct/2017 15:51:32] INFO logging:state: init, usuario:jhonedinson11@gmail.com
[07/Oct/2017 15:51:37] WARNING django.request:Not Found: /favicon.ico
[07/Oct/2017 15:52:32] INFO logging:state: init, usuario:jhonedinson11@gmail.com
[07/Oct/2017 15:52:34] INFO logging:state: init, usuario:jhonedinson11@gmail.com
[07/Oct/2017 15:52:34] INFO logging:state: init profile, usuario:jhonedinson11@gmail.com
[07/Oct/2017 15:52:34] INFO logging:state: finish get profile, usuario:jhonedinson11@gmail.com
[07/Oct/2017 15:52:34] INFO logging:response_data: {"message": "", "is_error": false, "data": [{"phone_number": 0, "first_name": "jhon", "last_name": "gomez", "name": "jhon gomez", "mobil_number": "0", "email": "jhonedinson11@gmail.com", "document_id": 0}]}, usuario:jhonedinson11@gmail.com
[07/Oct/2017 15:52:36] WARNING django.request:Not Found: /favicon.ico
[07/Oct/2017 15:53:10] INFO logging:state: init, usuario:jhonedinson11@gmail.com
[07/Oct/2017 15:53:12] INFO logging:state: init, usuario:jhonedinson11@gmail.com
[07/Oct/2017 15:53:12] INFO logging:state: init profile, usuario:jhonedinson11@gmail.com
[07/Oct/2017 15:53:12] INFO logging:state: finish get profile, usuario:jhonedinson11@gmail.com
[07/Oct/2017 15:53:12] INFO logging:response_data: {"message": "", "is_error": false, "data": [{"phone_number": 0, "first_name": "jhon", "last_name": "gomez", "name": "jhon gomez", "mobil_number": "0", "email": "jhonedinson11@gmail.com", "document_id": 0}]}, usuario:jhonedinson11@gmail.com
[07/Oct/2017 15:57:32] INFO logging:<WSGIRequest: GET '/actividades/lista-de-actividades/'>, usuario:jhonedinson11@gmail.com
[07/Oct/2017 15:57:33] INFO logging:<WSGIRequest: GET '/actividades/lista-de-actividades/?load=true'>, usuario:jhonedinson11@gmail.com
[07/Oct/2017 15:57:33] INFO logging:state: init, usuario:jhonedinson11@gmail.com
[07/Oct/2017 15:57:33] INFO logging:state: get info, usuario:jhonedinson11@gmail.com
[07/Oct/2017 15:57:33] INFO logging:response_data: {"activity_list": [{"begin_date": "2017-10-07", "description": "Este curso es para todas las personas que tienen ganas de ser salvadores de vida", "finish_date": "2017-12-07", "id_html": 1, "topic": "Curso de primeros auxilios", "is_pay": false, "activity_code": "8a76b367-493a-4bac-9ab5-1d4d71bc3a28"}], "message": "", "is_error": false}, usuario:jhonedinson11@gmail.com
[07/Oct/2017 15:58:40] INFO logging:<WSGIRequest: GET '/actividades/lista-de-actividades/'>, usuario:jhonedinson11@gmail.com
[07/Oct/2017 15:58:42] INFO logging:<WSGIRequest: GET '/actividades/lista-de-actividades/?load=true'>, usuario:jhonedinson11@gmail.com
[07/Oct/2017 15:58:42] INFO logging:state: init, usuario:jhonedinson11@gmail.com
[07/Oct/2017 15:58:42] INFO logging:state: get info, usuario:jhonedinson11@gmail.com
[07/Oct/2017 15:58:42] INFO logging:response_data: {"activity_list": [{"begin_date": "2017-10-07", "description": "Este curso es para todas las personas que tienen ganas de ser salvadores de vida", "finish_date": "2017-12-07", "id_html": 1, "topic": "Curso de primeros auxilios", "is_pay": false, "activity_code": "8a76b367-493a-4bac-9ab5-1d4d71bc3a28"}], "message": "", "is_error": false}, usuario:jhonedinson11@gmail.com
[07/Oct/2017 15:58:45] WARNING django.request:Not Found: /favicon.ico
[07/Oct/2017 15:59:17] INFO logging:<WSGIRequest: GET '/actividades/lista-de-actividades/'>, usuario:jhonedinson11@gmail.com
[07/Oct/2017 15:59:19] INFO logging:<WSGIRequest: GET '/actividades/lista-de-actividades/?load=true'>, usuario:jhonedinson11@gmail.com
[07/Oct/2017 15:59:19] INFO logging:state: init, usuario:jhonedinson11@gmail.com
[07/Oct/2017 15:59:19] INFO logging:state: get info, usuario:jhonedinson11@gmail.com
[07/Oct/2017 15:59:19] INFO logging:response_data: {"activity_list": [{"begin_date": "2017-10-07", "description": "Este curso es para todas las personas que tienen ganas de ser salvadores de vida", "finish_date": "2017-12-07", "id_html": 1, "topic": "Curso de primeros auxilios", "is_pay": false, "activity_code": "8a76b367-493a-4bac-9ab5-1d4d71bc3a28"}], "message": "", "is_error": false}, usuario:jhonedinson11@gmail.com
[07/Oct/2017 15:59:21] WARNING django.request:Not Found: /favicon.ico
[07/Oct/2017 15:59:37] INFO logging:<WSGIRequest: GET '/actividades/lista-de-actividades/'>, usuario:jhonedinson11@gmail.com
[07/Oct/2017 15:59:39] INFO logging:<WSGIRequest: GET '/actividades/lista-de-actividades/?load=true'>, usuario:jhonedinson11@gmail.com
[07/Oct/2017 15:59:39] INFO logging:state: init, usuario:jhonedinson11@gmail.com
[07/Oct/2017 15:59:39] INFO logging:state: get info, usuario:jhonedinson11@gmail.com
[07/Oct/2017 15:59:39] INFO logging:response_data: {"activity_list": [{"begin_date": "2017-10-07", "description": "Este curso es para todas las personas que tienen ganas de ser salvadores de vida", "finish_date": "2017-12-07", "id_html": 1, "topic": "Curso de primeros auxilios", "is_pay": false, "activity_code": "8a76b367-493a-4bac-9ab5-1d4d71bc3a28"}], "message": "", "is_error": false}, usuario:jhonedinson11@gmail.com
[07/Oct/2017 15:59:41] WARNING django.request:Not Found: /favicon.ico
[07/Oct/2017 16:04:36] INFO logging:<WSGIRequest: GET '/actividades/lista-de-actividades/'>, usuario:jhonedinson11@gmail.com
[07/Oct/2017 16:04:39] INFO logging:<WSGIRequest: GET '/actividades/lista-de-actividades/?load=true'>, usuario:jhonedinson11@gmail.com
[07/Oct/2017 16:04:39] INFO logging:state: init, usuario:jhonedinson11@gmail.com
[07/Oct/2017 16:04:39] INFO logging:state: get info, usuario:jhonedinson11@gmail.com
[07/Oct/2017 16:04:39] INFO logging:response_data: {"activity_list": [{"begin_date": "2017-10-07", "description": "Este curso es para todas las personas que tienen ganas de ser salvadores de vida", "finish_date": "2017-12-07", "id_html": 1, "topic": "Curso de primeros auxilios", "is_pay": false, "activity_code": "8a76b367-493a-4bac-9ab5-1d4d71bc3a28"}], "message": "", "is_error": false}, usuario:jhonedinson11@gmail.com
[07/Oct/2017 16:04:42] WARNING django.request:Not Found: /favicon.ico
[07/Oct/2017 16:05:42] INFO logging:<WSGIRequest: GET '/actividades/lista-de-actividades/'>, usuario:jhonedinson11@gmail.com
[07/Oct/2017 16:05:44] INFO logging:<WSGIRequest: GET '/actividades/lista-de-actividades/?load=true'>, usuario:jhonedinson11@gmail.com
[07/Oct/2017 16:05:44] INFO logging:state: init, usuario:jhonedinson11@gmail.com
[07/Oct/2017 16:05:44] INFO logging:state: get info, usuario:jhonedinson11@gmail.com
[07/Oct/2017 16:05:44] INFO logging:response_data: {"activity_list": [{"begin_date": "2017-10-07", "description": "Este curso es para todas las personas que tienen ganas de ser salvadores de vida", "finish_date": "2017-12-07", "id_html": 1, "topic": "Curso de primeros auxilios", "is_pay": false, "activity_code": "8a76b367-493a-4bac-9ab5-1d4d71bc3a28"}], "message": "", "is_error": false}, usuario:jhonedinson11@gmail.com
[07/Oct/2017 16:05:47] WARNING django.request:Not Found: /favicon.ico
[07/Oct/2017 16:05:58] INFO logging:<WSGIRequest: GET '/actividades/lista-de-actividades/'>, usuario:jhonedinson11@gmail.com
[07/Oct/2017 16:06:00] INFO logging:<WSGIRequest: GET '/actividades/lista-de-actividades/?load=true'>, usuario:jhonedinson11@gmail.com
[07/Oct/2017 16:06:00] INFO logging:state: init, usuario:jhonedinson11@gmail.com
[07/Oct/2017 16:06:00] INFO logging:state: get info, usuario:jhonedinson11@gmail.com
[07/Oct/2017 16:06:00] INFO logging:response_data: {"activity_list": [{"begin_date": "2017-10-07", "description": "Este curso es para todas las personas que tienen ganas de ser salvadores de vida", "finish_date": "2017-12-07", "id_html": 1, "topic": "Curso de primeros auxilios", "is_pay": false, "activity_code": "8a76b367-493a-4bac-9ab5-1d4d71bc3a28"}], "message": "", "is_error": false}, usuario:jhonedinson11@gmail.com
[07/Oct/2017 16:06:03] WARNING django.request:Not Found: /favicon.ico
[07/Oct/2017 16:07:56] INFO logging:<WSGIRequest: GET '/actividades/lista-de-actividades/'>, usuario:jhonedinson11@gmail.com
[07/Oct/2017 16:07:58] INFO logging:<WSGIRequest: GET '/actividades/lista-de-actividades/?load=true'>, usuario:jhonedinson11@gmail.com
[07/Oct/2017 16:07:58] INFO logging:state: init, usuario:jhonedinson11@gmail.com
[07/Oct/2017 16:07:58] INFO logging:state: get info, usuario:jhonedinson11@gmail.com
[07/Oct/2017 16:07:58] INFO logging:response_data: {"activity_list": [{"begin_date": "2017-10-07", "description": "Este curso es para todas las personas que tienen ganas de ser salvadores de vida", "finish_date": "2017-12-07", "id_html": 1, "topic": "Curso de primeros auxilios", "is_pay": false, "activity_code": "8a76b367-493a-4bac-9ab5-1d4d71bc3a28"}], "message": "", "is_error": false}, usuario:jhonedinson11@gmail.com
[07/Oct/2017 16:08:00] WARNING django.request:Not Found: /favicon.ico
[07/Oct/2017 16:08:51] INFO logging:<WSGIRequest: GET '/actividades/lista-de-actividades/'>, usuario:jhonedinson11@gmail.com
[07/Oct/2017 16:08:53] INFO logging:<WSGIRequest: GET '/actividades/lista-de-actividades/?load=true'>, usuario:jhonedinson11@gmail.com
[07/Oct/2017 16:08:53] INFO logging:state: init, usuario:jhonedinson11@gmail.com
[07/Oct/2017 16:08:53] INFO logging:state: get info, usuario:jhonedinson11@gmail.com
[07/Oct/2017 16:08:53] INFO logging:response_data: {"activity_list": [{"begin_date": "2017-10-07", "description": "Este curso es para todas las personas que tienen ganas de ser salvadores de vida", "finish_date": "2017-12-07", "id_html": 1, "topic": "Curso de primeros auxilios", "is_pay": false, "activity_code": "8a76b367-493a-4bac-9ab5-1d4d71bc3a28"}], "message": "", "is_error": false}, usuario:jhonedinson11@gmail.com
[07/Oct/2017 16:11:18] INFO logging:<WSGIRequest: GET '/actividades/lista-de-actividades/'>, usuario:jhonedinson11@gmail.com
[07/Oct/2017 16:11:19] WARNING django.request:Not Found: /favicon.ico
[07/Oct/2017 16:11:20] INFO logging:<WSGIRequest: GET '/actividades/lista-de-actividades/?load=true'>, usuario:jhonedinson11@gmail.com
[07/Oct/2017 16:11:20] INFO logging:state: init, usuario:jhonedinson11@gmail.com
[07/Oct/2017 16:11:20] INFO logging:state: get info, usuario:jhonedinson11@gmail.com
[07/Oct/2017 16:11:20] INFO logging:response_data: {"activity_list": [{"begin_date": "2017-10-07", "description": "Este curso es para todas las personas que tienen ganas de ser salvadores de vida", "finish_date": "2017-12-07", "id_html": 1, "topic": "Curso de primeros auxilios", "is_pay": false, "activity_code": "8a76b367-493a-4bac-9ab5-1d4d71bc3a28"}], "message": "", "is_error": false}, usuario:jhonedinson11@gmail.com
[07/Oct/2017 16:11:33] INFO logging:<WSGIRequest: GET '/actividades/lista-de-actividades/'>, usuario:jhonedinson11@gmail.com
[07/Oct/2017 16:11:33] INFO logging:<WSGIRequest: GET '/actividades/lista-de-actividades/?load=true'>, usuario:jhonedinson11@gmail.com
[07/Oct/2017 16:11:33] INFO logging:state: init, usuario:jhonedinson11@gmail.com
[07/Oct/2017 16:11:33] INFO logging:state: get info, usuario:jhonedinson11@gmail.com
[07/Oct/2017 16:11:33] INFO logging:response_data: {"activity_list": [{"begin_date": "2017-10-07", "description": "Este curso es para todas las personas que tienen ganas de ser salvadores de vida", "finish_date": "2017-12-07", "id_html": 1, "topic": "Curso de primeros auxilios", "is_pay": false, "activity_code": "8a76b367-493a-4bac-9ab5-1d4d71bc3a28"}], "message": "", "is_error": false}, usuario:jhonedinson11@gmail.com
[07/Oct/2017 16:12:04] INFO logging:<WSGIRequest: GET '/actividades/lista-de-actividades/'>, usuario:jhonedinson11@gmail.com
[07/Oct/2017 16:12:06] INFO logging:<WSGIRequest: GET '/actividades/lista-de-actividades/?load=true'>, usuario:jhonedinson11@gmail.com
[07/Oct/2017 16:12:06] INFO logging:state: init, usuario:jhonedinson11@gmail.com
[07/Oct/2017 16:12:06] INFO logging:state: get info, usuario:jhonedinson11@gmail.com
[07/Oct/2017 16:12:06] INFO logging:response_data: {"activity_list": [{"begin_date": "2017-10-07", "description": "Este curso es para todas las personas que tienen ganas de ser salvadores de vida", "finish_date": "2017-12-07", "id_html": 1, "topic": "Curso de primeros auxilios", "is_pay": false, "activity_code": "8a76b367-493a-4bac-9ab5-1d4d71bc3a28"}], "message": "", "is_error": false}, usuario:jhonedinson11@gmail.com
[07/Oct/2017 16:12:09] WARNING django.request:Not Found: /favicon.ico
[07/Oct/2017 16:12:45] INFO logging:<WSGIRequest: GET '/actividades/lista-de-actividades/'>, usuario:jhonedinson11@gmail.com
[07/Oct/2017 16:12:47] INFO logging:<WSGIRequest: GET '/actividades/lista-de-actividades/?load=true'>, usuario:jhonedinson11@gmail.com
[07/Oct/2017 16:12:47] INFO logging:state: init, usuario:jhonedinson11@gmail.com
[07/Oct/2017 16:12:47] INFO logging:state: get info, usuario:jhonedinson11@gmail.com
[07/Oct/2017 16:12:47] INFO logging:response_data: {"activity_list": [{"begin_date": "2017-10-07", "description": "Este curso es para todas las personas que tienen ganas de ser salvadores de vida", "finish_date": "2017-12-07", "id_html": 1, "topic": "Curso de primeros auxilios", "is_pay": false, "activity_code": "8a76b367-493a-4bac-9ab5-1d4d71bc3a28"}], "message": "", "is_error": false}, usuario:jhonedinson11@gmail.com
[07/Oct/2017 16:12:50] WARNING django.request:Not Found: /favicon.ico
[07/Oct/2017 16:12:56] INFO logging:<WSGIRequest: GET '/actividades/lista-de-actividades/'>, usuario:jhonedinson11@gmail.com
[07/Oct/2017 16:12:58] INFO logging:<WSGIRequest: GET '/actividades/lista-de-actividades/?load=true'>, usuario:jhonedinson11@gmail.com
[07/Oct/2017 16:12:58] INFO logging:state: init, usuario:jhonedinson11@gmail.com
[07/Oct/2017 16:12:58] INFO logging:state: get info, usuario:jhonedinson11@gmail.com
[07/Oct/2017 16:12:58] INFO logging:response_data: {"activity_list": [{"begin_date": "2017-10-07", "description": "Este curso es para todas las personas que tienen ganas de ser salvadores de vida", "finish_date": "2017-12-07", "id_html": 1, "topic": "Curso de primeros auxilios", "is_pay": false, "activity_code": "8a76b367-493a-4bac-9ab5-1d4d71bc3a28"}], "message": "", "is_error": false}, usuario:jhonedinson11@gmail.com
[07/Oct/2017 16:13:00] WARNING django.request:Not Found: /favicon.ico
[07/Oct/2017 16:13:21] INFO logging:<WSGIRequest: GET '/actividades/lista-de-actividades/'>, usuario:jhonedinson11@gmail.com
[07/Oct/2017 16:13:22] INFO logging:<WSGIRequest: GET '/actividades/lista-de-actividades/?load=true'>, usuario:jhonedinson11@gmail.com
[07/Oct/2017 16:13:22] INFO logging:state: init, usuario:jhonedinson11@gmail.com
[07/Oct/2017 16:13:22] INFO logging:state: get info, usuario:jhonedinson11@gmail.com
[07/Oct/2017 16:13:22] INFO logging:response_data: {"activity_list": [{"begin_date": "2017-10-07", "description": "Este curso es para todas las personas que tienen ganas de ser salvadores de vida", "finish_date": "2017-12-07", "id_html": 1, "topic": "Curso de primeros auxilios", "is_pay": false, "activity_code": "8a76b367-493a-4bac-9ab5-1d4d71bc3a28"}], "message": "", "is_error": false}, usuario:jhonedinson11@gmail.com
[07/Oct/2017 16:13:46] WARNING django.request:Not Found: /administrador/pais
[07/Oct/2017 16:13:56] INFO logging:state: initCountryView, get, usuario:jhonedinson11@gmail.com
[07/Oct/2017 16:13:56] INFO logging:state: finish execute procedure create_countrycall procedure: getCountry, usuario:jhonedinson11@gmail.com
[07/Oct/2017 16:13:56] INFO logging:state: finish execute procedure getCountryresponse: (u'Argentina', True, None, u'false', u'true'), usuario:jhonedinson11@gmail.com
[07/Oct/2017 16:13:56] INFO logging:response_data: {"country_name": "Argentina", "is_Admin": "true", "message": null, "is_error": "false", "is_active": true}, usuario:jhonedinson11@gmail.com
[07/Oct/2017 16:15:39] INFO logging:<WSGIRequest: GET '/actividades/lista-de-actividades/'>, usuario:jhonedinson11@gmail.com
[07/Oct/2017 16:15:40] INFO logging:<WSGIRequest: GET '/actividades/lista-de-actividades/?load=true'>, usuario:jhonedinson11@gmail.com
[07/Oct/2017 16:15:40] INFO logging:state: init, usuario:jhonedinson11@gmail.com
[07/Oct/2017 16:15:40] INFO logging:state: get info, usuario:jhonedinson11@gmail.com
[07/Oct/2017 16:15:40] INFO logging:response_data: {"activity_list": [{"begin_date": "2017-10-07", "description": "Este curso es para todas las personas que tienen ganas de ser salvadores de vida", "finish_date": "2017-12-07", "id_html": 1, "topic": "Curso de primeros auxilios", "is_pay": false, "activity_code": "8a76b367-493a-4bac-9ab5-1d4d71bc3a28"}], "message": "", "is_error": false}, usuario:jhonedinson11@gmail.com
[07/Oct/2017 16:15:43] WARNING django.request:Not Found: /favicon.ico
[07/Oct/2017 16:15:53] INFO logging:<WSGIRequest: GET '/actividades/lista-de-actividades/'>, usuario:jhonedinson11@gmail.com
[07/Oct/2017 16:15:55] INFO logging:<WSGIRequest: GET '/actividades/lista-de-actividades/?load=true'>, usuario:jhonedinson11@gmail.com
[07/Oct/2017 16:15:55] INFO logging:state: init, usuario:jhonedinson11@gmail.com
[07/Oct/2017 16:15:55] INFO logging:state: get info, usuario:jhonedinson11@gmail.com
[07/Oct/2017 16:15:55] INFO logging:response_data: {"activity_list": [{"begin_date": "2017-10-07", "description": "Este curso es para todas las personas que tienen ganas de ser salvadores de vida", "finish_date": "2017-12-07", "id_html": 1, "topic": "Curso de primeros auxilios", "is_pay": false, "activity_code": "8a76b367-493a-4bac-9ab5-1d4d71bc3a28"}], "message": "", "is_error": false}, usuario:jhonedinson11@gmail.com
[07/Oct/2017 16:15:59] INFO logging:<WSGIRequest: GET '/actividades/lista-de-actividades/'>, usuario:jhonedinson11@gmail.com
[07/Oct/2017 16:16:00] INFO logging:<WSGIRequest: GET '/actividades/lista-de-actividades/?load=true'>, usuario:jhonedinson11@gmail.com
[07/Oct/2017 16:16:00] INFO logging:state: init, usuario:jhonedinson11@gmail.com
[07/Oct/2017 16:16:00] INFO logging:state: get info, usuario:jhonedinson11@gmail.com
[07/Oct/2017 16:16:00] INFO logging:response_data: {"activity_list": [{"begin_date": "2017-10-07", "description": "Este curso es para todas las personas que tienen ganas de ser salvadores de vida", "finish_date": "2017-12-07", "id_html": 1, "topic": "Curso de primeros auxilios", "is_pay": false, "activity_code": "8a76b367-493a-4bac-9ab5-1d4d71bc3a28"}], "message": "", "is_error": false}, usuario:jhonedinson11@gmail.com
[07/Oct/2017 16:16:03] WARNING django.request:Not Found: /favicon.ico
[07/Oct/2017 16:16:46] INFO logging:<WSGIRequest: GET '/actividades/lista-de-actividades/'>, usuario:jhonedinson11@gmail.com
[07/Oct/2017 16:16:49] INFO logging:<WSGIRequest: GET '/actividades/lista-de-actividades/?load=true'>, usuario:jhonedinson11@gmail.com
[07/Oct/2017 16:16:49] INFO logging:state: init, usuario:jhonedinson11@gmail.com
[07/Oct/2017 16:16:49] INFO logging:state: get info, usuario:jhonedinson11@gmail.com
[07/Oct/2017 16:16:49] INFO logging:response_data: {"activity_list": [{"begin_date": "2017-10-07", "description": "Este curso es para todas las personas que tienen ganas de ser salvadores de vida", "finish_date": "2017-12-07", "id_html": 1, "topic": "Curso de primeros auxilios", "is_pay": false, "activity_code": "8a76b367-493a-4bac-9ab5-1d4d71bc3a28"}], "message": "", "is_error": false}, usuario:jhonedinson11@gmail.com
[07/Oct/2017 16:16:52] WARNING django.request:Not Found: /favicon.ico
[07/Oct/2017 16:18:57] INFO logging:<WSGIRequest: GET '/actividades/lista-de-actividades/'>, usuario:jhonedinson11@gmail.com
[07/Oct/2017 16:18:59] INFO logging:<WSGIRequest: GET '/actividades/lista-de-actividades/?load=true'>, usuario:jhonedinson11@gmail.com
[07/Oct/2017 16:18:59] INFO logging:state: init, usuario:jhonedinson11@gmail.com
[07/Oct/2017 16:18:59] INFO logging:state: get info, usuario:jhonedinson11@gmail.com
[07/Oct/2017 16:18:59] INFO logging:response_data: {"activity_list": [{"begin_date": "2017-10-07", "description": "Este curso es para todas las personas que tienen ganas de ser salvadores de vida", "finish_date": "2017-12-07", "id_html": 1, "topic": "Curso de primeros auxilios", "is_pay": false, "activity_code": "8a76b367-493a-4bac-9ab5-1d4d71bc3a28"}], "message": "", "is_error": false}, usuario:jhonedinson11@gmail.com
[07/Oct/2017 16:19:01] WARNING django.request:Not Found: /favicon.ico
[07/Oct/2017 16:19:11] INFO logging:<WSGIRequest: GET '/actividades/lista-de-actividades/'>, usuario:jhonedinson11@gmail.com
[07/Oct/2017 16:19:13] INFO logging:<WSGIRequest: GET '/actividades/lista-de-actividades/?load=true'>, usuario:jhonedinson11@gmail.com
[07/Oct/2017 16:19:13] INFO logging:state: init, usuario:jhonedinson11@gmail.com
[07/Oct/2017 16:19:13] INFO logging:state: get info, usuario:jhonedinson11@gmail.com
[07/Oct/2017 16:19:13] INFO logging:response_data: {"activity_list": [{"begin_date": "2017-10-07", "description": "Este curso es para todas las personas que tienen ganas de ser salvadores de vida", "finish_date": "2017-12-07", "id_html": 1, "topic": "Curso de primeros auxilios", "is_pay": false, "activity_code": "8a76b367-493a-4bac-9ab5-1d4d71bc3a28"}], "message": "", "is_error": false}, usuario:jhonedinson11@gmail.com
[07/Oct/2017 16:19:16] WARNING django.request:Not Found: /favicon.ico
[07/Oct/2017 16:19:52] INFO logging:<WSGIRequest: GET '/actividades/lista-de-actividades/'>, usuario:jhonedinson11@gmail.com
[07/Oct/2017 16:19:54] INFO logging:<WSGIRequest: GET '/actividades/lista-de-actividades/?load=true'>, usuario:jhonedinson11@gmail.com
[07/Oct/2017 16:19:54] INFO logging:state: init, usuario:jhonedinson11@gmail.com
[07/Oct/2017 16:19:54] INFO logging:state: get info, usuario:jhonedinson11@gmail.com
[07/Oct/2017 16:19:54] INFO logging:response_data: {"activity_list": [{"begin_date": "2017-10-07", "description": "Este curso es para todas las personas que tienen ganas de ser salvadores de vida", "finish_date": "2017-12-07", "id_html": 1, "topic": "Curso de primeros auxilios", "is_pay": false, "activity_code": "8a76b367-493a-4bac-9ab5-1d4d71bc3a28"}], "message": "", "is_error": false}, usuario:jhonedinson11@gmail.com
[07/Oct/2017 16:19:56] WARNING django.request:Not Found: /favicon.ico
[07/Oct/2017 16:20:41] INFO logging:<WSGIRequest: GET '/actividades/lista-de-actividades/'>, usuario:jhonedinson11@gmail.com
[07/Oct/2017 16:20:43] INFO logging:<WSGIRequest: GET '/actividades/lista-de-actividades/?load=true'>, usuario:jhonedinson11@gmail.com
[07/Oct/2017 16:20:43] INFO logging:state: init, usuario:jhonedinson11@gmail.com
[07/Oct/2017 16:20:43] INFO logging:state: get info, usuario:jhonedinson11@gmail.com
[07/Oct/2017 16:20:43] INFO logging:response_data: {"activity_list": [{"begin_date": "2017-10-07", "description": "Este curso es para todas las personas que tienen ganas de ser salvadores de vida", "finish_date": "2017-12-07", "id_html": 1, "topic": "Curso de primeros auxilios", "is_pay": false, "activity_code": "8a76b367-493a-4bac-9ab5-1d4d71bc3a28"}], "message": "", "is_error": false}, usuario:jhonedinson11@gmail.com
[07/Oct/2017 16:20:45] WARNING django.request:Not Found: /favicon.ico
[07/Oct/2017 16:20:57] INFO logging:<WSGIRequest: GET '/actividades/lista-de-actividades/'>, usuario:jhonedinson11@gmail.com
[07/Oct/2017 16:20:59] INFO logging:<WSGIRequest: GET '/actividades/lista-de-actividades/?load=true'>, usuario:jhonedinson11@gmail.com
[07/Oct/2017 16:20:59] INFO logging:state: init, usuario:jhonedinson11@gmail.com
[07/Oct/2017 16:20:59] INFO logging:state: get info, usuario:jhonedinson11@gmail.com
[07/Oct/2017 16:20:59] INFO logging:response_data: {"activity_list": [{"begin_date": "2017-10-07", "description": "Este curso es para todas las personas que tienen ganas de ser salvadores de vida", "finish_date": "2017-12-07", "id_html": 1, "topic": "Curso de primeros auxilios", "is_pay": false, "activity_code": "8a76b367-493a-4bac-9ab5-1d4d71bc3a28"}], "message": "", "is_error": false}, usuario:jhonedinson11@gmail.com
[07/Oct/2017 16:21:02] WARNING django.request:Not Found: /favicon.ico
[07/Oct/2017 16:27:18] WARNING django.request:Not Found: /favicon.ico
[07/Oct/2017 16:27:23] INFO logging:<WSGIRequest: GET '/actividades/lista-de-actividades/'>, usuario:jhonedinson11@gmail.com
[07/Oct/2017 16:27:25] INFO logging:<WSGIRequest: GET '/actividades/lista-de-actividades/?load=true'>, usuario:jhonedinson11@gmail.com
[07/Oct/2017 16:27:25] INFO logging:state: init, usuario:jhonedinson11@gmail.com
[07/Oct/2017 16:27:25] INFO logging:state: get info, usuario:jhonedinson11@gmail.com
[07/Oct/2017 16:27:25] INFO logging:response_data: {"activity_list": [{"begin_date": "2017-10-07", "description": "Este curso es para todas las personas que tienen ganas de ser salvadores de vida", "finish_date": "2017-12-07", "id_html": 1, "topic": "Curso de primeros auxilios", "is_pay": false, "activity_code": "8a76b367-493a-4bac-9ab5-1d4d71bc3a28"}], "message": "", "is_error": false}, usuario:jhonedinson11@gmail.com
[07/Oct/2017 16:30:19] INFO logging:<WSGIRequest: GET '/usuario/iniciar-sesion/?username=jhonedinson11%40gmail.com&password=Colombia2013%40'>, usuario:AnonymousUser
[07/Oct/2017 16:30:19] INFO logging:usuario autenticado, usuario:jhonedinson11@gmail.com
[07/Oct/2017 16:30:19] INFO logging:response_data: {"message": "bienvenido a nuestra plataforma", "is_error": false, "authenticated": true}, usuario:jhonedinson11@gmail.com
[07/Oct/2017 16:30:39] INFO logging:state: initCountryView, get, usuario:jhonedinson11@gmail.com
[07/Oct/2017 16:30:39] INFO logging:state: finish execute procedure create_countrycall procedure: getCountry, usuario:jhonedinson11@gmail.com
[07/Oct/2017 16:30:39] INFO logging:state: finish execute procedure getCountryresponse: (u'Argentina', True, None, u'false', u'true'), usuario:jhonedinson11@gmail.com
[07/Oct/2017 16:30:39] INFO logging:response_data: {"country_name": "Argentina", "is_Admin": "true", "message": null, "is_error": "false", "is_active": true}, usuario:jhonedinson11@gmail.com
[07/Oct/2017 16:30:59] INFO logging:<WSGIRequest: GET '/actividades/lista-de-actividades/'>, usuario:jhonedinson11@gmail.com
[07/Oct/2017 16:31:00] INFO logging:<WSGIRequest: GET '/actividades/lista-de-actividades/?load=true'>, usuario:jhonedinson11@gmail.com
[07/Oct/2017 16:31:00] INFO logging:state: init, usuario:jhonedinson11@gmail.com
[07/Oct/2017 16:31:00] INFO logging:state: get info, usuario:jhonedinson11@gmail.com
[07/Oct/2017 16:31:00] INFO logging:response_data: {"activity_list": [{"begin_date": "2017-10-07", "description": "Este curso es para todas las personas que tienen ganas de ser salvadores de vida", "finish_date": "2017-12-07", "id_html": 1, "topic": "Curso de primeros auxilios", "is_pay": false, "activity_code": "8a76b367-493a-4bac-9ab5-1d4d71bc3a28"}], "message": "", "is_error": false}, usuario:jhonedinson11@gmail.com
[07/Oct/2017 16:32:50] INFO logging:<WSGIRequest: GET '/actividades/lista-de-actividades/'>, usuario:jhonedinson11@gmail.com
[07/Oct/2017 16:32:51] INFO logging:<WSGIRequest: GET '/actividades/lista-de-actividades/?load=true'>, usuario:jhonedinson11@gmail.com
[07/Oct/2017 16:32:51] INFO logging:state: init, usuario:jhonedinson11@gmail.com
[07/Oct/2017 16:32:51] INFO logging:state: get info, usuario:jhonedinson11@gmail.com
[07/Oct/2017 16:32:51] INFO logging:response_data: {"activity_list": [{"begin_date": "2017-10-07", "description": "Este curso es para todas las personas que tienen ganas de ser salvadores de vida", "finish_date": "2017-12-07", "id_html": 1, "topic": "Curso de primeros auxilios", "is_pay": false, "activity_code": "8a76b367-493a-4bac-9ab5-1d4d71bc3a28"}], "message": "", "is_error": false}, usuario:jhonedinson11@gmail.com
[07/Oct/2017 16:32:53] WARNING django.request:Not Found: /favicon.ico
[07/Oct/2017 16:33:19] INFO logging:<WSGIRequest: GET '/actividades/lista-de-actividades/'>, usuario:jhonedinson11@gmail.com
[07/Oct/2017 16:33:21] INFO logging:<WSGIRequest: GET '/actividades/lista-de-actividades/?load=true'>, usuario:jhonedinson11@gmail.com
[07/Oct/2017 16:33:21] INFO logging:state: init, usuario:jhonedinson11@gmail.com
[07/Oct/2017 16:33:21] INFO logging:state: get info, usuario:jhonedinson11@gmail.com
[07/Oct/2017 16:33:21] INFO logging:response_data: {"activity_list": [{"begin_date": "2017-10-07", "description": "Este curso es para todas las personas que tienen ganas de ser salvadores de vida", "finish_date": "2017-12-07", "id_html": 1, "topic": "Curso de primeros auxilios", "is_pay": false, "activity_code": "8a76b367-493a-4bac-9ab5-1d4d71bc3a28"}], "message": "", "is_error": false}, usuario:jhonedinson11@gmail.com
[07/Oct/2017 16:33:27] WARNING django.request:Not Found: /favicon.ico
[07/Oct/2017 16:33:56] INFO logging:<WSGIRequest: GET '/actividades/lista-de-actividades/'>, usuario:jhonedinson11@gmail.com
[07/Oct/2017 16:33:58] INFO logging:<WSGIRequest: GET '/actividades/lista-de-actividades/?load=true'>, usuario:jhonedinson11@gmail.com
[07/Oct/2017 16:33:58] INFO logging:state: init, usuario:jhonedinson11@gmail.com
[07/Oct/2017 16:33:58] INFO logging:state: get info, usuario:jhonedinson11@gmail.com
[07/Oct/2017 16:33:58] INFO logging:response_data: {"activity_list": [{"begin_date": "2017-10-07", "description": "Este curso es para todas las personas que tienen ganas de ser salvadores de vida", "finish_date": "2017-12-07", "id_html": 1, "topic": "Curso de primeros auxilios", "is_pay": false, "activity_code": "8a76b367-493a-4bac-9ab5-1d4d71bc3a28"}], "message": "", "is_error": false}, usuario:jhonedinson11@gmail.com
[07/Oct/2017 16:34:00] WARNING django.request:Not Found: /favicon.ico
[07/Oct/2017 16:34:24] INFO logging:<WSGIRequest: GET '/actividades/lista-de-actividades/'>, usuario:jhonedinson11@gmail.com
[07/Oct/2017 16:34:26] INFO logging:<WSGIRequest: GET '/actividades/lista-de-actividades/?load=true'>, usuario:jhonedinson11@gmail.com
[07/Oct/2017 16:34:26] INFO logging:state: init, usuario:jhonedinson11@gmail.com
[07/Oct/2017 16:34:26] INFO logging:state: get info, usuario:jhonedinson11@gmail.com
[07/Oct/2017 16:34:26] INFO logging:response_data: {"activity_list": [{"begin_date": "2017-10-07", "description": "Este curso es para todas las personas que tienen ganas de ser salvadores de vida", "finish_date": "2017-12-07", "id_html": 1, "topic": "Curso de primeros auxilios", "is_pay": false, "activity_code": "8a76b367-493a-4bac-9ab5-1d4d71bc3a28"}], "message": "", "is_error": false}, usuario:jhonedinson11@gmail.com
[07/Oct/2017 16:34:28] WARNING django.request:Not Found: /favicon.ico
[07/Oct/2017 16:36:15] INFO logging:<WSGIRequest: GET '/actividades/lista-de-actividades/'>, usuario:jhonedinson11@gmail.com
[07/Oct/2017 16:36:18] INFO logging:<WSGIRequest: GET '/actividades/lista-de-actividades/?load=true'>, usuario:jhonedinson11@gmail.com
[07/Oct/2017 16:36:18] INFO logging:state: init, usuario:jhonedinson11@gmail.com
[07/Oct/2017 16:36:18] INFO logging:state: get info, usuario:jhonedinson11@gmail.com
[07/Oct/2017 16:36:18] INFO logging:response_data: {"activity_list": [{"begin_date": "2017-10-07", "description": "Este curso es para todas las personas que tienen ganas de ser salvadores de vida", "finish_date": "2017-12-07", "id_html": 1, "topic": "Curso de primeros auxilios", "is_pay": false, "activity_code": "8a76b367-493a-4bac-9ab5-1d4d71bc3a28"}], "message": "", "is_error": false}, usuario:jhonedinson11@gmail.com
[07/Oct/2017 16:36:48] INFO logging:<WSGIRequest: GET '/actividades/lista-de-actividades/'>, usuario:jhonedinson11@gmail.com
[07/Oct/2017 16:36:53] INFO logging:<WSGIRequest: GET '/actividades/lista-de-actividades/?load=true'>, usuario:jhonedinson11@gmail.com
[07/Oct/2017 16:36:53] INFO logging:state: init, usuario:jhonedinson11@gmail.com
[07/Oct/2017 16:36:53] INFO logging:state: get info, usuario:jhonedinson11@gmail.com
[07/Oct/2017 16:36:53] INFO logging:response_data: {"activity_list": [{"begin_date": "2017-10-07", "description": "Este curso es para todas las personas que tienen ganas de ser salvadores de vida", "finish_date": "2017-12-07", "id_html": 1, "topic": "Curso de primeros auxilios", "is_pay": false, "activity_code": "8a76b367-493a-4bac-9ab5-1d4d71bc3a28"}], "message": "", "is_error": false}, usuario:jhonedinson11@gmail.com
[07/Oct/2017 16:37:18] INFO logging:<WSGIRequest: GET '/usuario/iniciar-sesion/?username=jhonedinson11%40gmail.com%20&password=Colombia2013%40'>, usuario:AnonymousUser
[07/Oct/2017 16:37:18] INFO logging:usuario no autenticado, usuario:AnonymousUser
[07/Oct/2017 16:37:18] INFO logging:response_data: {"message": "Error en el nombre de usuario o contrase\u00f1a", "is_error": false, "authenticated": false}, usuario:AnonymousUser
[07/Oct/2017 16:37:36] INFO logging:<WSGIRequest: GET '/usuario/iniciar-sesion/?username=jhonedinson11%40gmail.com%20&password=Colombia2013%40'>, usuario:AnonymousUser
[07/Oct/2017 16:37:36] INFO logging:usuario no autenticado, usuario:AnonymousUser
[07/Oct/2017 16:37:36] INFO logging:response_data: {"message": "Error en el nombre de usuario o contrase\u00f1a", "is_error": false, "authenticated": false}, usuario:AnonymousUser
[07/Oct/2017 16:37:47] INFO logging:<WSGIRequest: GET '/usuario/iniciar-sesion/?username=jhonedinson11%40gmail.com%20&password=Colombia2013%40'>, usuario:AnonymousUser
[07/Oct/2017 16:37:47] INFO logging:usuario no autenticado, usuario:AnonymousUser
[07/Oct/2017 16:37:47] INFO logging:response_data: {"message": "Error en el nombre de usuario o contrase\u00f1a", "is_error": false, "authenticated": false}, usuario:AnonymousUser
[07/Oct/2017 16:37:59] INFO logging:<WSGIRequest: GET '/usuario/iniciar-sesion/?username=jhonedinson11%40gmail.com%20&password=Colombia2013%40'>, usuario:AnonymousUser
[07/Oct/2017 16:37:59] INFO logging:usuario no autenticado, usuario:AnonymousUser
[07/Oct/2017 16:37:59] INFO logging:response_data: {"message": "Error en el nombre de usuario o contrase\u00f1a", "is_error": false, "authenticated": false}, usuario:AnonymousUser
[07/Oct/2017 16:38:18] INFO logging:<WSGIRequest: GET '/usuario/iniciar-sesion/?username=jhonedinson11%40gmail.com%20&password=Colombia2013%40'>, usuario:AnonymousUser
[07/Oct/2017 16:38:18] INFO logging:usuario no autenticado, usuario:AnonymousUser
[07/Oct/2017 16:38:18] INFO logging:response_data: {"message": "Error en el nombre de usuario o contrase\u00f1a", "is_error": false, "authenticated": false}, usuario:AnonymousUser
[07/Oct/2017 16:38:37] INFO logging:<WSGIRequest: GET '/usuario/iniciar-sesion/?username=jhonedinson11%40gmail.com%20&password=Colombia2013%40'>, usuario:AnonymousUser
[07/Oct/2017 16:38:37] INFO logging:usuario no autenticado, usuario:AnonymousUser
[07/Oct/2017 16:38:37] INFO logging:response_data: {"message": "Error en el nombre de usuario o contrase\u00f1a", "is_error": false, "authenticated": false}, usuario:AnonymousUser
[07/Oct/2017 16:38:59] INFO logging:<WSGIRequest: GET '/usuario/iniciar-sesion/?username=jhonedinson11%40gmail.com&password=Colombia2013%40'>, usuario:AnonymousUser
[07/Oct/2017 16:38:59] INFO logging:usuario autenticado, usuario:jhonedinson11@gmail.com
[07/Oct/2017 16:38:59] INFO logging:response_data: {"message": "bienvenido a nuestra plataforma", "is_error": false, "authenticated": true}, usuario:jhonedinson11@gmail.com
[07/Oct/2017 16:39:17] INFO logging:<WSGIRequest: GET '/usuario/iniciar-sesion/?username=jhonedinson11%40gmail.com&password=Colombia2013%40'>, usuario:AnonymousUser
[07/Oct/2017 16:39:18] INFO logging:usuario autenticado, usuario:jhonedinson11@gmail.com
[07/Oct/2017 16:39:18] INFO logging:response_data: {"message": "bienvenido a nuestra plataforma", "is_error": false, "authenticated": true}, usuario:jhonedinson11@gmail.com
[07/Oct/2017 16:39:28] INFO logging:<WSGIRequest: GET '/actividades/lista-de-actividades/'>, usuario:jhonedinson11@gmail.com
[07/Oct/2017 16:39:29] INFO logging:<WSGIRequest: GET '/actividades/lista-de-actividades/?load=true'>, usuario:jhonedinson11@gmail.com
[07/Oct/2017 16:39:29] INFO logging:state: init, usuario:jhonedinson11@gmail.com
[07/Oct/2017 16:39:29] INFO logging:state: get info, usuario:jhonedinson11@gmail.com
[07/Oct/2017 16:39:29] INFO logging:response_data: {"activity_list": [{"begin_date": "2017-10-07", "description": "Este curso es para todas las personas que tienen ganas de ser salvadores de vida", "finish_date": "2017-12-07", "id_html": 1, "topic": "Curso de primeros auxilios", "is_pay": false, "activity_code": "8a76b367-493a-4bac-9ab5-1d4d71bc3a28"}], "message": "", "is_error": false}, usuario:jhonedinson11@gmail.com
[07/Oct/2017 16:42:24] INFO logging:<WSGIRequest: GET '/usuario/iniciar-sesion/?username=jhonedinson11%40gmail.com&password=Colombia2013%40'>, usuario:AnonymousUser
[07/Oct/2017 16:42:24] INFO logging:usuario autenticado, usuario:jhonedinson11@gmail.com
[07/Oct/2017 16:42:24] INFO logging:response_data: {"message": "bienvenido a nuestra plataforma", "is_error": false, "authenticated": true}, usuario:jhonedinson11@gmail.com
[07/Oct/2017 16:42:29] INFO logging:<WSGIRequest: GET '/actividades/lista-de-actividades/'>, usuario:jhonedinson11@gmail.com
[07/Oct/2017 16:42:30] INFO logging:<WSGIRequest: GET '/actividades/lista-de-actividades/?load=true'>, usuario:jhonedinson11@gmail.com
[07/Oct/2017 16:42:30] INFO logging:state: init, usuario:jhonedinson11@gmail.com
[07/Oct/2017 16:42:30] INFO logging:state: get info, usuario:jhonedinson11@gmail.com
[07/Oct/2017 16:42:30] INFO logging:response_data: {"activity_list": [{"begin_date": "2017-10-07", "description": "Este curso es para todas las personas que tienen ganas de ser salvadores de vida", "finish_date": "2017-12-07", "id_html": 1, "topic": "Curso de primeros auxilios", "is_pay": false, "activity_code": "8a76b367-493a-4bac-9ab5-1d4d71bc3a28"}], "message": "", "is_error": false}, usuario:jhonedinson11@gmail.com
[07/Oct/2017 16:42:52] INFO logging:<WSGIRequest: GET '/actividades/lista-de-actividades/'>, usuario:jhonedinson11@gmail.com
[07/Oct/2017 16:42:54] INFO logging:<WSGIRequest: GET '/actividades/lista-de-actividades/?load=true'>, usuario:jhonedinson11@gmail.com
[07/Oct/2017 16:42:54] INFO logging:state: init, usuario:jhonedinson11@gmail.com
[07/Oct/2017 16:42:54] INFO logging:state: get info, usuario:jhonedinson11@gmail.com
[07/Oct/2017 16:42:54] INFO logging:response_data: {"activity_list": [{"begin_date": "2017-10-07", "description": "Este curso es para todas las personas que tienen ganas de ser salvadores de vida", "finish_date": "2017-12-07", "id_html": 1, "topic": "Curso de primeros auxilios", "is_pay": false, "activity_code": "8a76b367-493a-4bac-9ab5-1d4d71bc3a28"}], "message": "", "is_error": false}, usuario:jhonedinson11@gmail.com
[07/Oct/2017 19:34:40] WARNING django.request:Not Found: /favicon.ico
[07/Oct/2017 19:34:47] WARNING django.request:Not Found: /actividades/lista-de-actividades
[07/Oct/2017 19:34:47] INFO logging:<WSGIRequest: GET '/actividades/lista-de-actividades/'>, usuario:jhonedinson11@gmail.com
[07/Oct/2017 19:34:48] INFO logging:<WSGIRequest: GET '/actividades/lista-de-actividades/?load=true'>, usuario:jhonedinson11@gmail.com
[07/Oct/2017 19:34:48] INFO logging:state: init, usuario:jhonedinson11@gmail.com
[07/Oct/2017 19:34:48] INFO logging:state: get info, usuario:jhonedinson11@gmail.com
[07/Oct/2017 19:34:48] INFO logging:response_data: {"activity_list": [{"begin_date": "2017-10-07", "description": "Este curso es para todas las personas que tienen ganas de ser salvadores de vida", "finish_date": "2017-12-07", "id_html": 1, "topic": "Curso de primeros auxilios", "is_pay": false, "activity_code": "8a76b367-493a-4bac-9ab5-1d4d71bc3a28"}], "message": "", "is_error": false}, usuario:jhonedinson11@gmail.com
[07/Oct/2017 19:35:45] INFO logging:<WSGIRequest: GET '/usuario/iniciar-sesion/?username=jhonedinson11%40gmail.com&password=Colombia2013%40'>, usuario:AnonymousUser
[07/Oct/2017 19:35:46] INFO logging:usuario autenticado, usuario:jhonedinson11@gmail.com
[07/Oct/2017 19:35:46] INFO logging:response_data: {"message": "bienvenido a nuestra plataforma", "is_error": false, "authenticated": true}, usuario:jhonedinson11@gmail.com
[07/Oct/2017 19:35:55] WARNING django.request:Not Found: /actividades/lista-de-actividades
[07/Oct/2017 19:35:56] INFO logging:<WSGIRequest: GET '/actividades/lista-de-actividades/'>, usuario:jhonedinson11@gmail.com
[07/Oct/2017 19:35:57] INFO logging:<WSGIRequest: GET '/actividades/lista-de-actividades/?load=true'>, usuario:jhonedinson11@gmail.com
[07/Oct/2017 19:35:57] INFO logging:state: init, usuario:jhonedinson11@gmail.com
[07/Oct/2017 19:35:57] INFO logging:state: get info, usuario:jhonedinson11@gmail.com
[07/Oct/2017 19:35:57] INFO logging:response_data: {"activity_list": [{"begin_date": "2017-10-07", "description": "Este curso es para todas las personas que tienen ganas de ser salvadores de vida", "finish_date": "2017-12-07", "id_html": 1, "topic": "Curso de primeros auxilios", "is_pay": false, "activity_code": "8a76b367-493a-4bac-9ab5-1d4d71bc3a28"}], "message": "", "is_error": false}, usuario:jhonedinson11@gmail.com
[07/Oct/2017 20:03:36] INFO logging:<WSGIRequest: GET '/actividades/lista-de-actividades/'>, usuario:jhonedinson11@gmail.com
[07/Oct/2017 20:03:40] INFO logging:<WSGIRequest: GET '/actividades/lista-de-actividades/?load=true'>, usuario:jhonedinson11@gmail.com
[07/Oct/2017 20:03:40] INFO logging:state: init, usuario:jhonedinson11@gmail.com
[07/Oct/2017 20:03:40] INFO logging:state: get info, usuario:jhonedinson11@gmail.com
[07/Oct/2017 20:03:40] ERROR logging:'Activities' object has no attribute 'topic'
[07/Oct/2017 20:03:40] INFO logging:response_data: {"is_error": true, "type_error": "AttributeError", "state": "get info", "file": "activities view", "message": "error en el sistema por favor comuniquese con soporte", "activity_list": [], "class": "ActivitiesView"}, usuario:jhonedinson11@gmail.com
[07/Oct/2017 20:04:08] WARNING django.request:Not Found: /actividades/admin
[07/Oct/2017 20:04:27] ERROR django.request:Internal Server Error: /admin/activities/activities/
Traceback (most recent call last):
  File "G:\Projects\asoprovidacol\envasoprovida\lib\site-packages\django\core\handlers\base.py", line 174, in get_response
    response = self.process_exception_by_middleware(e, request)
  File "G:\Projects\asoprovidacol\envasoprovida\lib\site-packages\django\core\handlers\base.py", line 172, in get_response
    response = response.render()
  File "G:\Projects\asoprovidacol\envasoprovida\lib\site-packages\django\template\response.py", line 160, in render
    self.content = self.rendered_content
  File "G:\Projects\asoprovidacol\envasoprovida\lib\site-packages\django\template\response.py", line 137, in rendered_content
    content = template.render(context, self._request)
  File "G:\Projects\asoprovidacol\envasoprovida\lib\site-packages\django\template\backends\django.py", line 95, in render
    return self.template.render(context)
  File "G:\Projects\asoprovidacol\envasoprovida\lib\site-packages\django\template\base.py", line 206, in render
    return self._render(context)
  File "G:\Projects\asoprovidacol\envasoprovida\lib\site-packages\django\template\base.py", line 197, in _render
    return self.nodelist.render(context)
  File "G:\Projects\asoprovidacol\envasoprovida\lib\site-packages\django\template\base.py", line 992, in render
    bit = node.render_annotated(context)
  File "G:\Projects\asoprovidacol\envasoprovida\lib\site-packages\django\template\base.py", line 959, in render_annotated
    return self.render(context)
  File "G:\Projects\asoprovidacol\envasoprovida\lib\site-packages\django\template\loader_tags.py", line 173, in render
    return compiled_parent._render(context)
  File "G:\Projects\asoprovidacol\envasoprovida\lib\site-packages\django\template\base.py", line 197, in _render
    return self.nodelist.render(context)
  File "G:\Projects\asoprovidacol\envasoprovida\lib\site-packages\django\template\base.py", line 992, in render
    bit = node.render_annotated(context)
  File "G:\Projects\asoprovidacol\envasoprovida\lib\site-packages\django\template\base.py", line 959, in render_annotated
    return self.render(context)
  File "G:\Projects\asoprovidacol\envasoprovida\lib\site-packages\django\template\loader_tags.py", line 173, in render
    return compiled_parent._render(context)
  File "G:\Projects\asoprovidacol\envasoprovida\lib\site-packages\django\template\base.py", line 197, in _render
    return self.nodelist.render(context)
  File "G:\Projects\asoprovidacol\envasoprovida\lib\site-packages\django\template\base.py", line 992, in render
    bit = node.render_annotated(context)
  File "G:\Projects\asoprovidacol\envasoprovida\lib\site-packages\django\template\base.py", line 959, in render_annotated
    return self.render(context)
  File "G:\Projects\asoprovidacol\envasoprovida\lib\site-packages\django\template\loader_tags.py", line 69, in render
    result = block.nodelist.render(context)
  File "G:\Projects\asoprovidacol\envasoprovida\lib\site-packages\django\template\base.py", line 992, in render
    bit = node.render_annotated(context)
  File "G:\Projects\asoprovidacol\envasoprovida\lib\site-packages\django\template\base.py", line 959, in render_annotated
    return self.render(context)
  File "G:\Projects\asoprovidacol\envasoprovida\lib\site-packages\django\template\loader_tags.py", line 69, in render
    result = block.nodelist.render(context)
  File "G:\Projects\asoprovidacol\envasoprovida\lib\site-packages\django\template\base.py", line 992, in render
    bit = node.render_annotated(context)
  File "G:\Projects\asoprovidacol\envasoprovida\lib\site-packages\django\template\base.py", line 959, in render_annotated
    return self.render(context)
  File "G:\Projects\asoprovidacol\envasoprovida\lib\site-packages\django\template\library.py", line 223, in render
    _dict = self.func(*resolved_args, **resolved_kwargs)
  File "G:\Projects\asoprovidacol\envasoprovida\lib\site-packages\django\contrib\admin\templatetags\admin_list.py", line 326, in result_list
    'results': list(results(cl))}
  File "G:\Projects\asoprovidacol\envasoprovida\lib\site-packages\django\contrib\admin\templatetags\admin_list.py", line 302, in results
    yield ResultList(None, items_for_result(cl, res, None))
  File "G:\Projects\asoprovidacol\envasoprovida\lib\site-packages\django\contrib\admin\templatetags\admin_list.py", line 293, in __init__
    super(ResultList, self).__init__(*items)
  File "G:\Projects\asoprovidacol\envasoprovida\lib\site-packages\django\contrib\admin\templatetags\admin_list.py", line 202, in items_for_result
    f, attr, value = lookup_field(field_name, result, cl.model_admin)
  File "G:\Projects\asoprovidacol\envasoprovida\lib\site-packages\django\contrib\admin\utils.py", line 290, in lookup_field
    value = attr()
  File "G:\Projects\asoprovidacol\envasoprovida\lib\site-packages\django\db\models\base.py", line 466, in __str__
    return force_text(self).encode('utf-8')
  File "G:\Projects\asoprovidacol\envasoprovida\lib\site-packages\django\utils\encoding.py", line 78, in force_text
    s = six.text_type(s)
  File "G:/Projects/asocampus\activities\models.py", line 65, in __unicode__
    return self.topic
AttributeError: 'Activities' object has no attribute 'topic'
[07/Oct/2017 21:37:36] WARNING django.request:Not Found: /picsdesc.xml
[07/Oct/2017 21:37:40] WARNING django.request:Not Found: /picsdesc.xml
[07/Oct/2017 21:52:48] WARNING django.request:Not Found: /actividades/lista-de-actividades
[07/Oct/2017 21:52:48] INFO logging:<WSGIRequest: GET '/actividades/lista-de-actividades/'>, usuario:jhonedinson11@gmail.com
[07/Oct/2017 21:52:50] INFO logging:<WSGIRequest: GET '/actividades/lista-de-actividades/?load=true'>, usuario:jhonedinson11@gmail.com
[07/Oct/2017 21:52:50] INFO logging:state: init, usuario:jhonedinson11@gmail.com
[07/Oct/2017 21:52:50] INFO logging:state: get info, usuario:jhonedinson11@gmail.com
[07/Oct/2017 21:52:50] ERROR logging:'Activities' object has no attribute 'topic'
[07/Oct/2017 21:52:50] INFO logging:response_data: {"is_error": true, "type_error": "AttributeError", "state": "get info", "file": "activities view", "message": "error en el sistema por favor comuniquese con soporte", "activity_list": [], "class": "ActivitiesView"}, usuario:jhonedinson11@gmail.com
[07/Oct/2017 21:52:55] INFO logging:<WSGIRequest: GET '/actividades/lista-de-actividades/'>, usuario:jhonedinson11@gmail.com
[07/Oct/2017 21:52:56] INFO logging:<WSGIRequest: GET '/actividades/lista-de-actividades/?load=true'>, usuario:jhonedinson11@gmail.com
[07/Oct/2017 21:52:56] INFO logging:state: init, usuario:jhonedinson11@gmail.com
[07/Oct/2017 21:52:56] INFO logging:state: get info, usuario:jhonedinson11@gmail.com
[07/Oct/2017 21:52:56] ERROR logging:'Activities' object has no attribute 'topic'
[07/Oct/2017 21:52:56] INFO logging:response_data: {"is_error": true, "type_error": "AttributeError", "state": "get info", "file": "activities view", "message": "error en el sistema por favor comuniquese con soporte", "activity_list": [], "class": "ActivitiesView"}, usuario:jhonedinson11@gmail.com
[07/Oct/2017 21:53:11] INFO logging:<WSGIRequest: GET '/actividades/lista-de-actividades/'>, usuario:jhonedinson11@gmail.com
[07/Oct/2017 21:53:14] INFO logging:<WSGIRequest: GET '/actividades/lista-de-actividades/?load=true'>, usuario:jhonedinson11@gmail.com
[07/Oct/2017 21:53:14] INFO logging:state: init, usuario:jhonedinson11@gmail.com
[07/Oct/2017 21:53:14] INFO logging:state: get info, usuario:jhonedinson11@gmail.com
[07/Oct/2017 21:53:14] ERROR logging:'Activities' object has no attribute 'topic'
[07/Oct/2017 21:53:14] INFO logging:response_data: {"is_error": true, "type_error": "AttributeError", "state": "get info", "file": "activities view", "message": "error en el sistema por favor comuniquese con soporte", "activity_list": [], "class": "ActivitiesView"}, usuario:jhonedinson11@gmail.com
[07/Oct/2017 21:54:03] INFO logging:<WSGIRequest: GET '/actividades/lista-de-actividades/'>, usuario:jhonedinson11@gmail.com
[07/Oct/2017 21:54:05] INFO logging:<WSGIRequest: GET '/actividades/lista-de-actividades/?load=true'>, usuario:jhonedinson11@gmail.com
[07/Oct/2017 21:54:05] INFO logging:state: init, usuario:jhonedinson11@gmail.com
[07/Oct/2017 21:54:05] INFO logging:state: get info, usuario:jhonedinson11@gmail.com
[07/Oct/2017 21:54:17] ERROR logging:'Activities' object has no attribute 'topic'
[07/Oct/2017 21:54:17] INFO logging:response_data: {"is_error": true, "type_error": "AttributeError", "state": "get info", "file": "activities view", "message": "error en el sistema por favor comuniquese con soporte", "activity_list": [], "class": "ActivitiesView"}, usuario:jhonedinson11@gmail.com
[07/Oct/2017 21:54:45] INFO logging:<WSGIRequest: GET '/actividades/lista-de-actividades/'>, usuario:jhonedinson11@gmail.com
[07/Oct/2017 21:54:50] INFO logging:<WSGIRequest: GET '/actividades/lista-de-actividades/?load=true'>, usuario:jhonedinson11@gmail.com
[07/Oct/2017 21:54:50] INFO logging:state: init, usuario:jhonedinson11@gmail.com
[07/Oct/2017 21:54:50] INFO logging:state: get info, usuario:jhonedinson11@gmail.com
[07/Oct/2017 21:54:50] ERROR django.request:Internal Server Error: /actividades/lista-de-actividades/
Traceback (most recent call last):
  File "G:\Projects\asoprovidacol\envasoprovida\lib\site-packages\django\core\handlers\base.py", line 149, in get_response
    response = self.process_exception_by_middleware(e, request)
  File "G:\Projects\asoprovidacol\envasoprovida\lib\site-packages\django\core\handlers\base.py", line 147, in get_response
    response = wrapped_callback(request, *callback_args, **callback_kwargs)
  File "G:\Projects\asoprovidacol\envasoprovida\lib\site-packages\django\views\generic\base.py", line 68, in view
    return self.dispatch(request, *args, **kwargs)
  File "G:\Projects\asoprovidacol\envasoprovida\lib\site-packages\django\contrib\auth\mixins.py", line 56, in dispatch
    return super(LoginRequiredMixin, self).dispatch(request, *args, **kwargs)
  File "G:\Projects\asoprovidacol\envasoprovida\lib\site-packages\django\views\generic\base.py", line 88, in dispatch
    return handler(request, *args, **kwargs)
  File "G:/Projects/asocampus\activities\views.py", line 74, in get
    response_json = json.dumps(response_data)
  File "c:\python27\Lib\json\__init__.py", line 244, in dumps
    return _default_encoder.encode(obj)
  File "c:\python27\Lib\json\encoder.py", line 207, in encode
    chunks = self.iterencode(o, _one_shot=True)
  File "c:\python27\Lib\json\encoder.py", line 270, in iterencode
    return _iterencode(o, 0)
  File "c:\python27\Lib\json\encoder.py", line 184, in default
    raise TypeError(repr(o) + " is not JSON serializable")
TypeError: <ImageFieldFile: activity_image/Primeros-Auxilios.jpg> is not JSON serializable
[07/Oct/2017 21:55:06] INFO logging:<WSGIRequest: GET '/actividades/lista-de-actividades/?load=true'>, usuario:jhonedinson11@gmail.com
[07/Oct/2017 21:55:06] INFO logging:state: init, usuario:jhonedinson11@gmail.com
[07/Oct/2017 21:55:06] INFO logging:state: get info, usuario:jhonedinson11@gmail.com
[07/Oct/2017 21:55:06] ERROR django.request:Internal Server Error: /actividades/lista-de-actividades/
Traceback (most recent call last):
  File "G:\Projects\asoprovidacol\envasoprovida\lib\site-packages\django\core\handlers\base.py", line 149, in get_response
    response = self.process_exception_by_middleware(e, request)
  File "G:\Projects\asoprovidacol\envasoprovida\lib\site-packages\django\core\handlers\base.py", line 147, in get_response
    response = wrapped_callback(request, *callback_args, **callback_kwargs)
  File "G:\Projects\asoprovidacol\envasoprovida\lib\site-packages\django\views\generic\base.py", line 68, in view
    return self.dispatch(request, *args, **kwargs)
  File "G:\Projects\asoprovidacol\envasoprovida\lib\site-packages\django\contrib\auth\mixins.py", line 56, in dispatch
    return super(LoginRequiredMixin, self).dispatch(request, *args, **kwargs)
  File "G:\Projects\asoprovidacol\envasoprovida\lib\site-packages\django\views\generic\base.py", line 88, in dispatch
    return handler(request, *args, **kwargs)
  File "G:/Projects/asocampus\activities\views.py", line 74, in get
    response_json = json.dumps(response_data)
  File "c:\python27\Lib\json\__init__.py", line 244, in dumps
    return _default_encoder.encode(obj)
  File "c:\python27\Lib\json\encoder.py", line 207, in encode
    chunks = self.iterencode(o, _one_shot=True)
  File "c:\python27\Lib\json\encoder.py", line 270, in iterencode
    return _iterencode(o, 0)
  File "c:\python27\Lib\json\encoder.py", line 184, in default
    raise TypeError(repr(o) + " is not JSON serializable")
TypeError: <ImageFieldFile: activity_image/Primeros-Auxilios.jpg> is not JSON serializable
[07/Oct/2017 21:55:41] INFO logging:<WSGIRequest: GET '/actividades/lista-de-actividades/?load=true'>, usuario:jhonedinson11@gmail.com
[07/Oct/2017 21:55:41] INFO logging:state: init, usuario:jhonedinson11@gmail.com
[07/Oct/2017 21:55:41] INFO logging:state: get info, usuario:jhonedinson11@gmail.com
[07/Oct/2017 21:55:41] INFO logging:response_data: {"activity_list": [{"image_location": "activity_image/Primeros-Auxilios.jpg", "begin_date": "2017-10-07", "description": "por ahora nada", "finish_date": "2017-12-07", "id_html": 1, "topic": "Curso de primeros auxilios", "image_url": "", "is_pay": false, "activity_code": "8a76b367-493a-4bac-9ab5-1d4d71bc3a28"}], "message": "", "is_error": false}, usuario:jhonedinson11@gmail.com
[07/Oct/2017 21:55:52] INFO logging:<WSGIRequest: GET '/actividades/lista-de-actividades/'>, usuario:jhonedinson11@gmail.com
[07/Oct/2017 21:55:56] INFO logging:<WSGIRequest: GET '/actividades/lista-de-actividades/?load=true'>, usuario:jhonedinson11@gmail.com
[07/Oct/2017 21:55:56] INFO logging:state: init, usuario:jhonedinson11@gmail.com
[07/Oct/2017 21:55:56] INFO logging:state: get info, usuario:jhonedinson11@gmail.com
[07/Oct/2017 21:55:56] INFO logging:response_data: {"activity_list": [{"image_location": "activity_image/Primeros-Auxilios.jpg", "begin_date": "2017-10-07", "description": "por ahora nada", "finish_date": "2017-12-07", "id_html": 1, "topic": "Curso de primeros auxilios", "image_url": "", "is_pay": false, "activity_code": "8a76b367-493a-4bac-9ab5-1d4d71bc3a28"}], "message": "", "is_error": false}, usuario:jhonedinson11@gmail.com
[07/Oct/2017 21:55:56] WARNING django.request:Not Found: /actividades/lista-de-actividades/activity_image/Primeros-Auxilios.jpg
[07/Oct/2017 21:56:19] WARNING django.request:Not Found: /activity_image/Primeros-Auxilios.jpg
[07/Oct/2017 22:08:43] INFO logging:<WSGIRequest: GET '/actividades/lista-de-actividades/'>, usuario:jhonedinson11@gmail.com
[07/Oct/2017 22:08:44] ERROR django.request:Internal Server Error: /actividades/lista-de-actividades/
Traceback (most recent call last):
  File "G:\Projects\asoprovidacol\envasoprovida\lib\site-packages\django\core\handlers\base.py", line 149, in get_response
    response = self.process_exception_by_middleware(e, request)
  File "G:\Projects\asoprovidacol\envasoprovida\lib\site-packages\django\core\handlers\base.py", line 147, in get_response
    response = wrapped_callback(request, *callback_args, **callback_kwargs)
  File "G:\Projects\asoprovidacol\envasoprovida\lib\site-packages\django\views\generic\base.py", line 68, in view
    return self.dispatch(request, *args, **kwargs)
  File "G:\Projects\asoprovidacol\envasoprovida\lib\site-packages\django\contrib\auth\mixins.py", line 56, in dispatch
    return super(LoginRequiredMixin, self).dispatch(request, *args, **kwargs)
  File "G:\Projects\asoprovidacol\envasoprovida\lib\site-packages\django\views\generic\base.py", line 88, in dispatch
    return handler(request, *args, **kwargs)
  File "G:/Projects/asocampus\activities\views.py", line 84, in get
    return render_to_response(template, dic,context_instance)
  File "G:\Projects\asoprovidacol\envasoprovida\lib\site-packages\django\shortcuts.py", line 45, in render_to_response
    using=using)
  File "G:\Projects\asoprovidacol\envasoprovida\lib\site-packages\django\template\loader.py", line 114, in render_to_string
    template_name, context, context_instance, dirs, dictionary)
  File "G:\Projects\asoprovidacol\envasoprovida\lib\site-packages\django\template\engine.py", line 240, in render_to_string
    return t.render(context_instance)
  File "G:\Projects\asoprovidacol\envasoprovida\lib\site-packages\django\template\base.py", line 206, in render
    return self._render(context)
  File "G:\Projects\asoprovidacol\envasoprovida\lib\site-packages\django\template\base.py", line 197, in _render
    return self.nodelist.render(context)
  File "G:\Projects\asoprovidacol\envasoprovida\lib\site-packages\django\template\base.py", line 992, in render
    bit = node.render_annotated(context)
  File "G:\Projects\asoprovidacol\envasoprovida\lib\site-packages\django\template\base.py", line 959, in render_annotated
    return self.render(context)
  File "G:\Projects\asoprovidacol\envasoprovida\lib\site-packages\django\template\loader_tags.py", line 173, in render
    return compiled_parent._render(context)
  File "G:\Projects\asoprovidacol\envasoprovida\lib\site-packages\django\template\base.py", line 197, in _render
    return self.nodelist.render(context)
  File "G:\Projects\asoprovidacol\envasoprovida\lib\site-packages\django\template\base.py", line 992, in render
    bit = node.render_annotated(context)
  File "G:\Projects\asoprovidacol\envasoprovida\lib\site-packages\django\template\base.py", line 959, in render_annotated
    return self.render(context)
  File "G:\Projects\asoprovidacol\envasoprovida\lib\site-packages\django\templatetags\static.py", line 103, in render
    url = self.url(context)
  File "G:\Projects\asoprovidacol\envasoprovida\lib\site-packages\django\contrib\staticfiles\templatetags\staticfiles.py", line 16, in url
    return static(path)
  File "G:\Projects\asoprovidacol\envasoprovida\lib\site-packages\django\contrib\staticfiles\templatetags\staticfiles.py", line 9, in static
    return staticfiles_storage.url(path)
  File "G:\Projects\asoprovidacol\envasoprovida\lib\site-packages\django\utils\functional.py", line 204, in inner
    self._setup()
  File "G:\Projects\asoprovidacol\envasoprovida\lib\site-packages\django\contrib\staticfiles\storage.py", line 394, in _setup
    self._wrapped = get_storage_class(settings.STATICFILES_STORAGE)()
  File "G:\Projects\asoprovidacol\envasoprovida\lib\site-packages\django\contrib\staticfiles\storage.py", line 39, in __init__
    *args, **kwargs)
  File "G:\Projects\asoprovidacol\envasoprovida\lib\site-packages\django\core\files\storage.py", line 185, in __init__
    self.location = abspathu(self.base_location)
  File "G:\Projects\asoprovidacol\envasoprovida\lib\ntpath.py", line 488, in abspath
    path = _getfullpathname(path)
TypeError: coercing to Unicode: need string or buffer, list found
[07/Oct/2017 22:10:29] WARNING django.request:Not Found: /activity_image
[07/Oct/2017 22:10:50] WARNING django.request:Not Found: /actividates
[07/Oct/2017 22:10:54] WARNING django.request:Not Found: /actividades
[07/Oct/2017 22:11:01] WARNING django.request:Not Found: /actividades
[07/Oct/2017 22:11:13] WARNING django.request:Not Found: /actividades/
[07/Oct/2017 22:11:21] WARNING django.request:Not Found: /actividades/media
[07/Oct/2017 22:11:21] ERROR django.request:Internal Server Error: /actividades/media/
Traceback (most recent call last):
  File "G:\Projects\asoprovidacol\envasoprovida\lib\site-packages\django\core\handlers\base.py", line 149, in get_response
    response = self.process_exception_by_middleware(e, request)
  File "G:\Projects\asoprovidacol\envasoprovida\lib\site-packages\django\core\handlers\base.py", line 147, in get_response
    response = wrapped_callback(request, *callback_args, **callback_kwargs)
TypeError: serve() takes at least 2 arguments (2 given)
[07/Oct/2017 22:12:27] ERROR django.request:Internal Server Error: /actividades/media/Primeros-Auxilios.jpg
Traceback (most recent call last):
  File "G:\Projects\asoprovidacol\envasoprovida\lib\site-packages\django\core\handlers\base.py", line 149, in get_response
    response = self.process_exception_by_middleware(e, request)
  File "G:\Projects\asoprovidacol\envasoprovida\lib\site-packages\django\core\handlers\base.py", line 147, in get_response
    response = wrapped_callback(request, *callback_args, **callback_kwargs)
TypeError: serve() takes at least 2 arguments (2 given)
[07/Oct/2017 22:13:02] ERROR django.request:Internal Server Error: /actividades/media/Primeros-Auxilios.jpg
Traceback (most recent call last):
  File "G:\Projects\asoprovidacol\envasoprovida\lib\site-packages\django\core\handlers\base.py", line 149, in get_response
    response = self.process_exception_by_middleware(e, request)
  File "G:\Projects\asoprovidacol\envasoprovida\lib\site-packages\django\core\handlers\base.py", line 147, in get_response
    response = wrapped_callback(request, *callback_args, **callback_kwargs)
TypeError: serve() takes at least 2 arguments (2 given)
[07/Oct/2017 22:13:59] INFO logging:<WSGIRequest: GET '/actividades/lista-de-actividades/'>, usuario:jhonedinson11@gmail.com
[07/Oct/2017 22:13:59] ERROR django.request:Internal Server Error: /actividades/lista-de-actividades/
Traceback (most recent call last):
  File "G:\Projects\asoprovidacol\envasoprovida\lib\site-packages\django\core\handlers\base.py", line 149, in get_response
    response = self.process_exception_by_middleware(e, request)
  File "G:\Projects\asoprovidacol\envasoprovida\lib\site-packages\django\core\handlers\base.py", line 147, in get_response
    response = wrapped_callback(request, *callback_args, **callback_kwargs)
  File "G:\Projects\asoprovidacol\envasoprovida\lib\site-packages\django\views\generic\base.py", line 68, in view
    return self.dispatch(request, *args, **kwargs)
  File "G:\Projects\asoprovidacol\envasoprovida\lib\site-packages\django\contrib\auth\mixins.py", line 56, in dispatch
    return super(LoginRequiredMixin, self).dispatch(request, *args, **kwargs)
  File "G:\Projects\asoprovidacol\envasoprovida\lib\site-packages\django\views\generic\base.py", line 88, in dispatch
    return handler(request, *args, **kwargs)
  File "G:/Projects/asocampus\activities\views.py", line 84, in get
    return render_to_response(template, dic,context_instance)
  File "G:\Projects\asoprovidacol\envasoprovida\lib\site-packages\django\shortcuts.py", line 45, in render_to_response
    using=using)
  File "G:\Projects\asoprovidacol\envasoprovida\lib\site-packages\django\template\loader.py", line 114, in render_to_string
    template_name, context, context_instance, dirs, dictionary)
  File "G:\Projects\asoprovidacol\envasoprovida\lib\site-packages\django\template\engine.py", line 240, in render_to_string
    return t.render(context_instance)
  File "G:\Projects\asoprovidacol\envasoprovida\lib\site-packages\django\template\base.py", line 206, in render
    return self._render(context)
  File "G:\Projects\asoprovidacol\envasoprovida\lib\site-packages\django\template\base.py", line 197, in _render
    return self.nodelist.render(context)
  File "G:\Projects\asoprovidacol\envasoprovida\lib\site-packages\django\template\base.py", line 992, in render
    bit = node.render_annotated(context)
  File "G:\Projects\asoprovidacol\envasoprovida\lib\site-packages\django\template\base.py", line 959, in render_annotated
    return self.render(context)
  File "G:\Projects\asoprovidacol\envasoprovida\lib\site-packages\django\template\loader_tags.py", line 173, in render
    return compiled_parent._render(context)
  File "G:\Projects\asoprovidacol\envasoprovida\lib\site-packages\django\template\base.py", line 197, in _render
    return self.nodelist.render(context)
  File "G:\Projects\asoprovidacol\envasoprovida\lib\site-packages\django\template\base.py", line 992, in render
    bit = node.render_annotated(context)
  File "G:\Projects\asoprovidacol\envasoprovida\lib\site-packages\django\template\base.py", line 959, in render_annotated
    return self.render(context)
  File "G:\Projects\asoprovidacol\envasoprovida\lib\site-packages\django\templatetags\static.py", line 103, in render
    url = self.url(context)
  File "G:\Projects\asoprovidacol\envasoprovida\lib\site-packages\django\contrib\staticfiles\templatetags\staticfiles.py", line 16, in url
    return static(path)
  File "G:\Projects\asoprovidacol\envasoprovida\lib\site-packages\django\contrib\staticfiles\templatetags\staticfiles.py", line 9, in static
    return staticfiles_storage.url(path)
  File "G:\Projects\asoprovidacol\envasoprovida\lib\site-packages\django\utils\functional.py", line 204, in inner
    self._setup()
  File "G:\Projects\asoprovidacol\envasoprovida\lib\site-packages\django\contrib\staticfiles\storage.py", line 394, in _setup
    self._wrapped = get_storage_class(settings.STATICFILES_STORAGE)()
  File "G:\Projects\asoprovidacol\envasoprovida\lib\site-packages\django\contrib\staticfiles\storage.py", line 39, in __init__
    *args, **kwargs)
  File "G:\Projects\asoprovidacol\envasoprovida\lib\site-packages\django\core\files\storage.py", line 185, in __init__
    self.location = abspathu(self.base_location)
  File "G:\Projects\asoprovidacol\envasoprovida\lib\ntpath.py", line 488, in abspath
    path = _getfullpathname(path)
TypeError: coercing to Unicode: need string or buffer, list found
[07/Oct/2017 22:14:22] ERROR django.request:Internal Server Error: /actividades/media/Primeros-Auxilios.jpg
Traceback (most recent call last):
  File "G:\Projects\asoprovidacol\envasoprovida\lib\site-packages\django\core\handlers\base.py", line 149, in get_response
    response = self.process_exception_by_middleware(e, request)
  File "G:\Projects\asoprovidacol\envasoprovida\lib\site-packages\django\core\handlers\base.py", line 147, in get_response
    response = wrapped_callback(request, *callback_args, **callback_kwargs)
TypeError: serve() takes at least 2 arguments (2 given)
[07/Oct/2017 22:14:38] ERROR django.request:Internal Server Error: /actividades/media/
Traceback (most recent call last):
  File "G:\Projects\asoprovidacol\envasoprovida\lib\site-packages\django\core\handlers\base.py", line 149, in get_response
    response = self.process_exception_by_middleware(e, request)
  File "G:\Projects\asoprovidacol\envasoprovida\lib\site-packages\django\core\handlers\base.py", line 147, in get_response
    response = wrapped_callback(request, *callback_args, **callback_kwargs)
TypeError: serve() takes at least 2 arguments (2 given)
[07/Oct/2017 22:17:39] WARNING django.request:Not Found: /media
[07/Oct/2017 22:17:49] WARNING django.request:Not Found: /actividades
[07/Oct/2017 22:17:53] WARNING django.request:Not Found: /actividades/
[07/Oct/2017 22:18:00] ERROR django.request:Internal Server Error: /actividades/media/
Traceback (most recent call last):
  File "G:\Projects\asoprovidacol\envasoprovida\lib\site-packages\django\core\handlers\base.py", line 149, in get_response
    response = self.process_exception_by_middleware(e, request)
  File "G:\Projects\asoprovidacol\envasoprovida\lib\site-packages\django\core\handlers\base.py", line 147, in get_response
    response = wrapped_callback(request, *callback_args, **callback_kwargs)
TypeError: serve() takes at least 2 arguments (2 given)
[07/Oct/2017 22:21:36] WARNING django.request:Not Found: /activity_image/Primeros-Auxilios.jpg
[07/Oct/2017 22:22:01] WARNING django.request:Not Found: /actividades/Primeros-Auxilios.jpg
[07/Oct/2017 22:22:10] ERROR django.request:Internal Server Error: /actividades/media/Primeros-Auxilios.jpg
Traceback (most recent call last):
  File "G:\Projects\asoprovidacol\envasoprovida\lib\site-packages\django\core\handlers\base.py", line 149, in get_response
    response = self.process_exception_by_middleware(e, request)
  File "G:\Projects\asoprovidacol\envasoprovida\lib\site-packages\django\core\handlers\base.py", line 147, in get_response
    response = wrapped_callback(request, *callback_args, **callback_kwargs)
TypeError: serve() takes at least 2 arguments (2 given)
[07/Oct/2017 22:28:23] ERROR django.request:Internal Server Error: /admin/
Traceback (most recent call last):
  File "G:\Projects\asoprovidacol\envasoprovida\lib\site-packages\django\core\handlers\base.py", line 174, in get_response
    response = self.process_exception_by_middleware(e, request)
  File "G:\Projects\asoprovidacol\envasoprovida\lib\site-packages\django\core\handlers\base.py", line 172, in get_response
    response = response.render()
  File "G:\Projects\asoprovidacol\envasoprovida\lib\site-packages\django\template\response.py", line 160, in render
    self.content = self.rendered_content
  File "G:\Projects\asoprovidacol\envasoprovida\lib\site-packages\django\template\response.py", line 137, in rendered_content
    content = template.render(context, self._request)
  File "G:\Projects\asoprovidacol\envasoprovida\lib\site-packages\django\template\backends\django.py", line 95, in render
    return self.template.render(context)
  File "G:\Projects\asoprovidacol\envasoprovida\lib\site-packages\django\template\base.py", line 206, in render
    return self._render(context)
  File "G:\Projects\asoprovidacol\envasoprovida\lib\site-packages\django\template\base.py", line 197, in _render
    return self.nodelist.render(context)
  File "G:\Projects\asoprovidacol\envasoprovida\lib\site-packages\django\template\base.py", line 992, in render
    bit = node.render_annotated(context)
  File "G:\Projects\asoprovidacol\envasoprovida\lib\site-packages\django\template\base.py", line 959, in render_annotated
    return self.render(context)
  File "G:\Projects\asoprovidacol\envasoprovida\lib\site-packages\django\template\loader_tags.py", line 173, in render
    return compiled_parent._render(context)
  File "G:\Projects\asoprovidacol\envasoprovida\lib\site-packages\django\template\base.py", line 197, in _render
    return self.nodelist.render(context)
  File "G:\Projects\asoprovidacol\envasoprovida\lib\site-packages\django\template\base.py", line 992, in render
    bit = node.render_annotated(context)
  File "G:\Projects\asoprovidacol\envasoprovida\lib\site-packages\django\template\base.py", line 959, in render_annotated
    return self.render(context)
  File "G:\Projects\asoprovidacol\envasoprovida\lib\site-packages\django\template\loader_tags.py", line 173, in render
    return compiled_parent._render(context)
  File "G:\Projects\asoprovidacol\envasoprovida\lib\site-packages\django\template\base.py", line 197, in _render
    return self.nodelist.render(context)
  File "G:\Projects\asoprovidacol\envasoprovida\lib\site-packages\django\template\base.py", line 992, in render
    bit = node.render_annotated(context)
  File "G:\Projects\asoprovidacol\envasoprovida\lib\site-packages\django\template\base.py", line 959, in render_annotated
    return self.render(context)
  File "G:\Projects\asoprovidacol\envasoprovida\lib\site-packages\django\template\loader_tags.py", line 69, in render
    result = block.nodelist.render(context)
  File "G:\Projects\asoprovidacol\envasoprovida\lib\site-packages\django\template\base.py", line 992, in render
    bit = node.render_annotated(context)
  File "G:\Projects\asoprovidacol\envasoprovida\lib\site-packages\django\template\base.py", line 959, in render_annotated
    return self.render(context)
  File "G:\Projects\asoprovidacol\envasoprovida\lib\site-packages\django\template\library.py", line 201, in render
    output = self.func(*resolved_args, **resolved_kwargs)
  File "G:\Projects\asoprovidacol\envasoprovida\lib\site-packages\django\contrib\admin\templatetags\admin_static.py", line 17, in static
    return _static(path)
  File "G:\Projects\asoprovidacol\envasoprovida\lib\site-packages\django\contrib\staticfiles\templatetags\staticfiles.py", line 9, in static
    return staticfiles_storage.url(path)
  File "G:\Projects\asoprovidacol\envasoprovida\lib\site-packages\django\utils\functional.py", line 204, in inner
    self._setup()
  File "G:\Projects\asoprovidacol\envasoprovida\lib\site-packages\django\contrib\staticfiles\storage.py", line 394, in _setup
    self._wrapped = get_storage_class(settings.STATICFILES_STORAGE)()
  File "G:\Projects\asoprovidacol\envasoprovida\lib\site-packages\django\contrib\staticfiles\storage.py", line 39, in __init__
    *args, **kwargs)
  File "G:\Projects\asoprovidacol\envasoprovida\lib\site-packages\django\core\files\storage.py", line 185, in __init__
    self.location = abspathu(self.base_location)
  File "G:\Projects\asoprovidacol\envasoprovida\lib\ntpath.py", line 488, in abspath
    path = _getfullpathname(path)
TypeError: coercing to Unicode: need string or buffer, list found
[07/Oct/2017 22:30:21] ERROR django.request:Internal Server Error: /admin/
Traceback (most recent call last):
  File "G:\Projects\asoprovidacol\envasoprovida\lib\site-packages\django\core\handlers\base.py", line 174, in get_response
    response = self.process_exception_by_middleware(e, request)
  File "G:\Projects\asoprovidacol\envasoprovida\lib\site-packages\django\core\handlers\base.py", line 172, in get_response
    response = response.render()
  File "G:\Projects\asoprovidacol\envasoprovida\lib\site-packages\django\template\response.py", line 160, in render
    self.content = self.rendered_content
  File "G:\Projects\asoprovidacol\envasoprovida\lib\site-packages\django\template\response.py", line 137, in rendered_content
    content = template.render(context, self._request)
  File "G:\Projects\asoprovidacol\envasoprovida\lib\site-packages\django\template\backends\django.py", line 95, in render
    return self.template.render(context)
  File "G:\Projects\asoprovidacol\envasoprovida\lib\site-packages\django\template\base.py", line 206, in render
    return self._render(context)
  File "G:\Projects\asoprovidacol\envasoprovida\lib\site-packages\django\template\base.py", line 197, in _render
    return self.nodelist.render(context)
  File "G:\Projects\asoprovidacol\envasoprovida\lib\site-packages\django\template\base.py", line 992, in render
    bit = node.render_annotated(context)
  File "G:\Projects\asoprovidacol\envasoprovida\lib\site-packages\django\template\base.py", line 959, in render_annotated
    return self.render(context)
  File "G:\Projects\asoprovidacol\envasoprovida\lib\site-packages\django\template\loader_tags.py", line 173, in render
    return compiled_parent._render(context)
  File "G:\Projects\asoprovidacol\envasoprovida\lib\site-packages\django\template\base.py", line 197, in _render
    return self.nodelist.render(context)
  File "G:\Projects\asoprovidacol\envasoprovida\lib\site-packages\django\template\base.py", line 992, in render
    bit = node.render_annotated(context)
  File "G:\Projects\asoprovidacol\envasoprovida\lib\site-packages\django\template\base.py", line 959, in render_annotated
    return self.render(context)
  File "G:\Projects\asoprovidacol\envasoprovida\lib\site-packages\django\template\loader_tags.py", line 173, in render
    return compiled_parent._render(context)
  File "G:\Projects\asoprovidacol\envasoprovida\lib\site-packages\django\template\base.py", line 197, in _render
    return self.nodelist.render(context)
  File "G:\Projects\asoprovidacol\envasoprovida\lib\site-packages\django\template\base.py", line 992, in render
    bit = node.render_annotated(context)
  File "G:\Projects\asoprovidacol\envasoprovida\lib\site-packages\django\template\base.py", line 959, in render_annotated
    return self.render(context)
  File "G:\Projects\asoprovidacol\envasoprovida\lib\site-packages\django\template\loader_tags.py", line 69, in render
    result = block.nodelist.render(context)
  File "G:\Projects\asoprovidacol\envasoprovida\lib\site-packages\django\template\base.py", line 992, in render
    bit = node.render_annotated(context)
  File "G:\Projects\asoprovidacol\envasoprovida\lib\site-packages\django\template\base.py", line 959, in render_annotated
    return self.render(context)
  File "G:\Projects\asoprovidacol\envasoprovida\lib\site-packages\django\template\library.py", line 201, in render
    output = self.func(*resolved_args, **resolved_kwargs)
  File "G:\Projects\asoprovidacol\envasoprovida\lib\site-packages\django\contrib\admin\templatetags\admin_static.py", line 17, in static
    return _static(path)
  File "G:\Projects\asoprovidacol\envasoprovida\lib\site-packages\django\contrib\staticfiles\templatetags\staticfiles.py", line 9, in static
    return staticfiles_storage.url(path)
  File "G:\Projects\asoprovidacol\envasoprovida\lib\site-packages\django\utils\functional.py", line 204, in inner
    self._setup()
  File "G:\Projects\asoprovidacol\envasoprovida\lib\site-packages\django\contrib\staticfiles\storage.py", line 394, in _setup
    self._wrapped = get_storage_class(settings.STATICFILES_STORAGE)()
  File "G:\Projects\asoprovidacol\envasoprovida\lib\site-packages\django\contrib\staticfiles\storage.py", line 39, in __init__
    *args, **kwargs)
  File "G:\Projects\asoprovidacol\envasoprovida\lib\site-packages\django\core\files\storage.py", line 185, in __init__
    self.location = abspathu(self.base_location)
  File "G:\Projects\asoprovidacol\envasoprovida\lib\ntpath.py", line 488, in abspath
    path = _getfullpathname(path)
TypeError: coercing to Unicode: need string or buffer, list found
[07/Oct/2017 22:33:13] INFO logging:<WSGIRequest: GET '/actividades/lista-de-actividades/'>, usuario:jhonedinson11@gmail.com
[07/Oct/2017 22:33:14] INFO logging:<WSGIRequest: GET '/actividades/lista-de-actividades/?load=true'>, usuario:jhonedinson11@gmail.com
[07/Oct/2017 22:33:14] INFO logging:state: init, usuario:jhonedinson11@gmail.com
[07/Oct/2017 22:33:14] INFO logging:state: get info, usuario:jhonedinson11@gmail.com
[07/Oct/2017 22:33:14] INFO logging:response_data: {"activity_list": [{"image_location": "activity_image/Primeros-Auxilios.jpg", "begin_date": "2017-10-07", "description": "por ahora nada", "finish_date": "2017-01-01", "id_html": 1, "topic": "Curso de primeros auxilios", "image_url": "http://www.casmaconsultores.es/wp-content/uploads/2014/11/Primeros-Auxilios.jpg", "is_pay": false, "activity_code": "255ad163-5529-407b-b741-4650277a8ae9"}], "message": "", "is_error": false}, usuario:jhonedinson11@gmail.com
[07/Oct/2017 22:33:14] WARNING django.request:Not Found: /actividades/lista-de-actividades/activity_image/Primeros-Auxilios.jpg
[07/Oct/2017 22:33:42] INFO logging:<WSGIRequest: GET '/actividades/lista-de-actividades/'>, usuario:jhonedinson11@gmail.com
[07/Oct/2017 22:33:45] INFO logging:<WSGIRequest: GET '/actividades/lista-de-actividades/?load=true'>, usuario:jhonedinson11@gmail.com
[07/Oct/2017 22:33:45] INFO logging:state: init, usuario:jhonedinson11@gmail.com
[07/Oct/2017 22:33:45] INFO logging:state: get info, usuario:jhonedinson11@gmail.com
[07/Oct/2017 22:33:45] INFO logging:response_data: {"activity_list": [{"image_location": "activity_image/Primeros-Auxilios.jpg", "begin_date": "2017-10-07", "description": "por ahora nada", "finish_date": "2017-01-01", "id_html": 1, "topic": "Curso de primeros auxilios", "image_url": "http://www.casmaconsultores.es/wp-content/uploads/2014/11/Primeros-Auxilios.jpg", "is_pay": false, "activity_code": "255ad163-5529-407b-b741-4650277a8ae9"}], "message": "", "is_error": false}, usuario:jhonedinson11@gmail.com
[07/Oct/2017 22:35:12] INFO logging:<WSGIRequest: GET '/actividades/lista-de-actividades/'>, usuario:jhonedinson11@gmail.com
[07/Oct/2017 22:35:17] INFO logging:<WSGIRequest: GET '/actividades/lista-de-actividades/?load=true'>, usuario:jhonedinson11@gmail.com
[07/Oct/2017 22:35:17] INFO logging:state: init, usuario:jhonedinson11@gmail.com
[07/Oct/2017 22:35:17] INFO logging:state: get info, usuario:jhonedinson11@gmail.com
[07/Oct/2017 22:35:17] INFO logging:response_data: {"activity_list": [{"image_location": "activity_image/Primeros-Auxilios.jpg", "begin_date": "2017-10-07", "description": "por ahora nada", "finish_date": "2017-01-01", "id_html": 1, "topic": "Curso de primeros auxilios", "image_url": "http://www.casmaconsultores.es/wp-content/uploads/2014/11/Primeros-Auxilios.jpg", "is_pay": false, "activity_code": "255ad163-5529-407b-b741-4650277a8ae9"}], "message": "", "is_error": false}, usuario:jhonedinson11@gmail.com
[07/Oct/2017 22:35:55] INFO logging:<WSGIRequest: GET '/actividades/lista-de-actividades/'>, usuario:jhonedinson11@gmail.com
[07/Oct/2017 22:35:56] INFO logging:<WSGIRequest: GET '/actividades/lista-de-actividades/?load=true'>, usuario:jhonedinson11@gmail.com
[07/Oct/2017 22:35:56] INFO logging:state: init, usuario:jhonedinson11@gmail.com
[07/Oct/2017 22:35:56] INFO logging:state: get info, usuario:jhonedinson11@gmail.com
[07/Oct/2017 22:35:56] INFO logging:response_data: {"activity_list": [{"image_location": "activity_image/Primeros-Auxilios.jpg", "begin_date": "2017-10-07", "description": "por ahora nada", "finish_date": "2017-01-01", "id_html": 1, "topic": "Curso de primeros auxilios", "image_url": "http://www.casmaconsultores.es/wp-content/uploads/2014/11/Primeros-Auxilios.jpg", "is_pay": false, "activity_code": "255ad163-5529-407b-b741-4650277a8ae9"}], "message": "", "is_error": false}, usuario:jhonedinson11@gmail.com
[07/Oct/2017 22:36:30] INFO logging:<WSGIRequest: GET '/actividades/lista-de-actividades/'>, usuario:jhonedinson11@gmail.com
[07/Oct/2017 22:36:32] INFO logging:<WSGIRequest: GET '/actividades/lista-de-actividades/?load=true'>, usuario:jhonedinson11@gmail.com
[07/Oct/2017 22:36:32] INFO logging:state: init, usuario:jhonedinson11@gmail.com
[07/Oct/2017 22:36:32] INFO logging:state: get info, usuario:jhonedinson11@gmail.com
[07/Oct/2017 22:36:32] INFO logging:response_data: {"activity_list": [{"image_location": "activity_image/Primeros-Auxilios.jpg", "begin_date": "2017-10-07", "description": "por ahora nada", "finish_date": "2017-01-01", "id_html": 1, "topic": "Curso de primeros auxilios", "image_url": "http://www.casmaconsultores.es/wp-content/uploads/2014/11/Primeros-Auxilios.jpg", "is_pay": false, "activity_code": "255ad163-5529-407b-b741-4650277a8ae9"}], "message": "", "is_error": false}, usuario:jhonedinson11@gmail.com
[07/Oct/2017 22:37:17] INFO logging:<WSGIRequest: GET '/actividades/lista-de-actividades/'>, usuario:jhonedinson11@gmail.com
[07/Oct/2017 22:37:18] INFO logging:<WSGIRequest: GET '/actividades/lista-de-actividades/?load=true'>, usuario:jhonedinson11@gmail.com
[07/Oct/2017 22:37:18] INFO logging:state: init, usuario:jhonedinson11@gmail.com
[07/Oct/2017 22:37:18] INFO logging:state: get info, usuario:jhonedinson11@gmail.com
[07/Oct/2017 22:37:18] INFO logging:response_data: {"activity_list": [{"image_location": "activity_image/Primeros-Auxilios.jpg", "begin_date": "2017-10-07", "description": "por ahora nada", "finish_date": "2017-01-01", "id_html": 1, "topic": "Curso de primeros auxilios", "pre_description": "Este curso es para todas las personas que tienen ganas de ser salvadores de vida", "image_url": "http://www.casmaconsultores.es/wp-content/uploads/2014/11/Primeros-Auxilios.jpg", "is_pay": false, "activity_code": "255ad163-5529-407b-b741-4650277a8ae9"}], "message": "", "is_error": false}, usuario:jhonedinson11@gmail.com
[07/Oct/2017 23:29:39] INFO logging:<WSGIRequest: GET '/actividades/lista-de-actividades/'>, usuario:jhonedinson11@gmail.com
[07/Oct/2017 23:29:40] INFO logging:<WSGIRequest: GET '/actividades/lista-de-actividades/?load=true'>, usuario:jhonedinson11@gmail.com
[07/Oct/2017 23:29:40] INFO logging:state: init, usuario:jhonedinson11@gmail.com
[07/Oct/2017 23:29:40] INFO logging:state: get info, usuario:jhonedinson11@gmail.com
[07/Oct/2017 23:29:40] INFO logging:response_data: {"activity_list": [{"image_location": "activity_image/Primeros-Auxilios.jpg", "begin_date": "2017-10-07", "description": "por ahora nada", "finish_date": "2017-01-01", "id_html": 1, "topic": "Curso de primeros auxilios", "pre_description": "Este curso es para todas las personas que tienen ganas de ser salvadores de vida", "image_url": "http://www.casmaconsultores.es/wp-content/uploads/2014/11/Primeros-Auxilios.jpg", "is_pay": false, "activity_code": "255ad163-5529-407b-b741-4650277a8ae9"}], "message": "", "is_error": false}, usuario:jhonedinson11@gmail.com
